[SEQ] ALGO=ga RUN=24 at Sun Jun  7 02:47:26 PM +03 2026
[2026-06-07 14:47:40] [SEQ] [INFO] Tek kosu: ga/run_024, seed=631263
[2026-06-07 14:47:40] [SEQ] [INFO]   Fixed DWT: wavelet=sym6, level=3, mode=zero
[2026-06-07 14:49:15] [RUN_OPTIMIZER] [INFO] [SEQUENTIAL] wavelet=sym6, level=3, mode=zero sabit
[2026-06-07 14:49:15] [RUN_OPTIMIZER] [INFO] [SEQUENTIAL] Arama boyutu: 6D (BiLSTM only)
[2026-06-07 14:49:15] [RUN_OPTIMIZER] [INFO] ============================================================
[2026-06-07 14:49:15] [RUN_OPTIMIZER] [INFO] OPTIMIZER: GA
[2026-06-07 14:49:15] [RUN_OPTIMIZER] [INFO] ============================================================
[2026-06-07 14:49:15] [RUN_OPTIMIZER] [INFO] DB: sequential_runs/ga_seq/run_024/ga_running.db
[2026-06-07 14:49:15] [RUN_OPTIMIZER] [INFO] Seed: 631263
[2026-06-07 14:49:15] [RUN_OPTIMIZER] [INFO] Mode: joint
[2026-06-07 14:49:15] [RUN_OPTIMIZER] [INFO] Pop: 40, MaxIter: 50
[2026-06-07 14:49:15] [OPT.GA] [INFO] Yarım kalan çalışma tespit edildi.
[2026-06-07 14:49:15] [OPT.GA] [INFO] Checkpoint yüklendi | Iter: 39 | Phase: INIT_NEXT | Best: 0.061134
[2026-06-07 14:49:15] [OPT.GA] [INFO] ============================================================
[2026-06-07 14:49:15] [OPT.GA] [INFO] GA OPTIMIZASYONU
[2026-06-07 14:49:15] [OPT.GA] [INFO] ============================================================
[2026-06-07 14:49:15] [OPT.GA] [INFO] Pop: 40 | MaxIter: 50 | Workers: 35 | Seed: 631263 | Mode: joint
[2026-06-07 14:49:15] [OPT.GA] [INFO] Algo params: {'crossover_rate': 0.8, 'mutation_rate': 0.1, 'tournament_size': 3, 'elitism_count': 2, 'sbx_eta': 20.0, 'pm_eta': 20.0}
[2026-06-07 14:49:15] [OPT.GA] [INFO] 
============================================================
[2026-06-07 14:49:15] [OPT.GA] [INFO] GENERATION 40/50
[2026-06-07 14:49:21] [INFO]  i:T-39 | ind 0 (C) | wavelet=sym6 | level=3 | mode=zero | look_back=95 | hidden=116 | layers=2 | dropout=0.453 | lr=0.00990 | batch=32 | ablation[dwt=True, bi=True]
[2026-06-07 14:49:22] [INFO]  i:T-39 | ind 1 (C) | wavelet=sym6 | level=3 | mode=zero | look_back=94 | hidden=81 | layers=2 | dropout=0.452 | lr=0.00963 | batch=32 | ablation[dwt=True, bi=True]
[2026-06-07 14:49:22] [INFO]  i:T-39 | ind 2 (C) | wavelet=sym6 | level=3 | mode=zero | look_back=96 | hidden=129 | layers=2 | dropout=0.415 | lr=0.00991 | batch=32 | ablation[dwt=True, bi=True]
[2026-06-07 14:49:22] [INFO]  i:T-39 | ind 3 (C) | wavelet=sym6 | level=3 | mode=zero | look_back=94 | hidden=116 | layers=2 | dropout=0.171 | lr=0.00991 | batch=32 | ablation[dwt=True, bi=True]
[2026-06-07 14:49:22] [INFO]  i:T-39 | ind 4 (C) | wavelet=sym6 | level=3 | mode=zero | look_back=94 | hidden=129 | layers=3 | dropout=0.186 | lr=0.00993 | batch=32 | ablation[dwt=True, bi=True]
[2026-06-07 14:49:22] [INFO]  i:T-39 | ind 5 (C) | wavelet=sym6 | level=3 | mode=zero | look_back=92 | hidden=113 | layers=2 | dropout=0.343 | lr=0.00989 | batch=32 | ablation[dwt=True, bi=True]
[2026-06-07 14:49:22] [INFO]  i:T-39 | ind 6 (C) | wavelet=sym6 | level=3 | mode=zero | look_back=94 | hidden=81 | layers=2 | dropout=0.452 | lr=0.00963 | batch=32 | ablation[dwt=True, bi=True]
[2026-06-07 14:49:22] [INFO]  i:T-39 | ind 7 (C) | wavelet=sym6 | level=3 | mode=zero | look_back=95 | hidden=116 | layers=2 | dropout=0.453 | lr=0.00990 | batch=32 | ablation[dwt=True, bi=True]
[2026-06-07 14:49:22] [INFO]  i:T-39 | ind 8 (C) | wavelet=sym6 | level=3 | mode=zero | look_back=94 | hidden=105 | layers=2 | dropout=0.453 | lr=0.00922 | batch=32 | ablation[dwt=True, bi=True]
[2026-06-07 14:49:22] [INFO]  i:T-39 | ind 9 (C) | wavelet=sym6 | level=3 | mode=zero | look_back=95 | hidden=107 | layers=2 | dropout=0.339 | lr=0.00989 | batch=32 | ablation[dwt=True, bi=True]
[2026-06-07 14:49:22] [INFO]  i:T-39 | ind 11 (C) | wavelet=sym6 | level=3 | mode=zero | look_back=92 | hidden=95 | layers=2 | dropout=0.461 | lr=0.00991 | batch=32 | ablation[dwt=True, bi=True]
[2026-06-07 14:49:22] [INFO]  i:T-39 | ind 12 (C) | wavelet=sym6 | level=3 | mode=zero | look_back=94 | hidden=112 | layers=2 | dropout=0.453 | lr=0.00991 | batch=32 | ablation[dwt=True, bi=True]
[2026-06-07 14:49:22] [INFO]  i:T-39 | ind 14 (C) | wavelet=sym6 | level=3 | mode=zero | look_back=95 | hidden=129 | layers=3 | dropout=0.186 | lr=0.00993 | batch=32 | ablation[dwt=True, bi=True]
[2026-06-07 14:49:22] [INFO]  i:T-39 | ind 10 (C) | wavelet=sym6 | level=3 | mode=zero | look_back=96 | hidden=116 | layers=2 | dropout=0.453 | lr=0.00991 | batch=32 | ablation[dwt=True, bi=True]
[2026-06-07 14:49:22] [INFO]  i:T-39 | ind 13 (C) | wavelet=sym6 | level=3 | mode=zero | look_back=94 | hidden=95 | layers=3 | dropout=0.443 | lr=0.00993 | batch=32 | ablation[dwt=True, bi=True]
[2026-06-07 14:49:22] [INFO]  i:T-39 | ind 15 (C) | wavelet=sym6 | level=3 | mode=zero | look_back=94 | hidden=116 | layers=2 | dropout=0.171 | lr=0.00991 | batch=32 | ablation[dwt=True, bi=True]
[2026-06-07 14:49:22] [INFO]  i:T-39 | ind 16 (C) | wavelet=sym6 | level=3 | mode=zero | look_back=95 | hidden=116 | layers=2 | dropout=0.454 | lr=0.00993 | batch=32 | ablation[dwt=True, bi=True]
[2026-06-07 14:49:22] [INFO]  i:T-39 | ind 17 (C) | wavelet=sym6 | level=3 | mode=zero | look_back=94 | hidden=81 | layers=2 | dropout=0.452 | lr=0.00963 | batch=32 | ablation[dwt=True, bi=True]
[2026-06-07 14:49:22] [INFO]  i:T-39 | ind 18 (C) | wavelet=sym6 | level=3 | mode=zero | look_back=91 | hidden=109 | layers=2 | dropout=0.465 | lr=0.00992 | batch=32 | ablation[dwt=True, bi=True]
[2026-06-07 14:49:22] [INFO]  i:T-39 | ind 19 (C) | wavelet=sym6 | level=3 | mode=zero | look_back=96 | hidden=116 | layers=2 | dropout=0.452 | lr=0.00990 | batch=32 | ablation[dwt=True, bi=True]
[2026-06-07 14:49:22] [INFO]  i:T-39 | ind 20 (C) | wavelet=sym6 | level=3 | mode=zero | look_back=95 | hidden=116 | layers=2 | dropout=0.453 | lr=0.00992 | batch=32 | ablation[dwt=True, bi=True]
[2026-06-07 14:49:22] [INFO]  i:T-39 | ind 21 (C) | wavelet=sym6 | level=3 | mode=zero | look_back=95 | hidden=94 | layers=2 | dropout=0.439 | lr=0.00993 | batch=32 | ablation[dwt=True, bi=True]
[2026-06-07 14:49:22] [INFO]  i:T-39 | ind 22 (C) | wavelet=sym6 | level=3 | mode=zero | look_back=92 | hidden=129 | layers=2 | dropout=0.478 | lr=0.00990 | batch=32 | ablation[dwt=True, bi=True]
[2026-06-07 14:49:22] [INFO]  i:T-39 | ind 23 (C) | wavelet=sym6 | level=3 | mode=zero | look_back=88 | hidden=95 | layers=2 | dropout=0.222 | lr=0.00958 | batch=32 | ablation[dwt=True, bi=True]
[2026-06-07 14:49:22] [INFO]  i:T-39 | ind 24 (C) | wavelet=sym6 | level=3 | mode=zero | look_back=91 | hidden=115 | layers=2 | dropout=0.493 | lr=0.00991 | batch=32 | ablation[dwt=True, bi=True]
[2026-06-07 14:49:22] [INFO]  i:T-39 | ind 25 (C) | wavelet=sym6 | level=3 | mode=zero | look_back=92 | hidden=110 | layers=2 | dropout=0.449 | lr=0.00990 | batch=32 | ablation[dwt=True, bi=True]
[2026-06-07 14:49:22] [INFO]  i:T-39 | ind 26 (C) | wavelet=sym6 | level=3 | mode=zero | look_back=95 | hidden=107 | layers=2 | dropout=0.343 | lr=0.00995 | batch=32 | ablation[dwt=True, bi=True]
[2026-06-07 14:49:22] [INFO]  i:T-39 | ind 27 (C) | wavelet=sym6 | level=3 | mode=zero | look_back=84 | hidden=109 | layers=2 | dropout=0.461 | lr=0.00991 | batch=32 | ablation[dwt=True, bi=True]
[2026-06-07 14:49:22] [INFO]  i:T-39 | ind 28 (C) | wavelet=sym6 | level=3 | mode=zero | look_back=94 | hidden=95 | layers=3 | dropout=0.455 | lr=0.00990 | batch=32 | ablation[dwt=True, bi=True]
[2026-06-07 14:49:22] [INFO]  i:T-39 | ind 29 (C) | wavelet=sym6 | level=3 | mode=zero | look_back=92 | hidden=129 | layers=2 | dropout=0.461 | lr=0.00991 | batch=32 | ablation[dwt=True, bi=True]
[2026-06-07 14:49:22] [INFO]  i:T-39 | ind 30 (C) | wavelet=sym6 | level=3 | mode=zero | look_back=91 | hidden=116 | layers=2 | dropout=0.493 | lr=0.00991 | batch=32 | ablation[dwt=True, bi=True]
[2026-06-07 14:49:22] [INFO]  i:T-39 | ind 31 (C) | wavelet=sym6 | level=3 | mode=zero | look_back=91 | hidden=87 | layers=2 | dropout=0.465 | lr=0.00992 | batch=32 | ablation[dwt=True, bi=True]
[2026-06-07 14:49:22] [INFO]  i:T-39 | ind 32 (C) | wavelet=sym6 | level=3 | mode=zero | look_back=95 | hidden=116 | layers=3 | dropout=0.451 | lr=0.00990 | batch=32 | ablation[dwt=True, bi=True]
[2026-06-07 14:49:22] [INFO]  i:T-39 | ind 33 (C) | wavelet=sym6 | level=3 | mode=zero | look_back=92 | hidden=129 | layers=2 | dropout=0.450 | lr=0.00990 | batch=32 | ablation[dwt=True, bi=True]
[2026-06-07 14:49:22] [INFO]  i:T-39 | ind 34 (C) | wavelet=sym6 | level=3 | mode=zero | look_back=95 | hidden=116 | layers=2 | dropout=0.453 | lr=0.00990 | batch=32 | ablation[dwt=True, bi=True]
[2026-06-07 14:53:23] [INFO]  i:T-39 | ind 35 (C) | wavelet=sym6 | level=3 | mode=zero | look_back=94 | hidden=116 | layers=2 | dropout=0.232 | lr=0.00993 | batch=32 | ablation[dwt=True, bi=True]
[2026-06-07 14:53:37] [INFO]  i:T-39 | ind 36 (C) | wavelet=sym6 | level=3 | mode=zero | look_back=94 | hidden=81 | layers=2 | dropout=0.438 | lr=0.00964 | batch=32 | ablation[dwt=True, bi=True]
[2026-06-07 14:53:47] [INFO]  i:T-39 | ind 37 (C) | wavelet=sym6 | level=3 | mode=zero | look_back=94 | hidden=112 | layers=2 | dropout=0.171 | lr=0.00991 | batch=32 | ablation[dwt=True, bi=True]
[2026-06-07 14:53:58] [INFO]  i:T-39 | ind 38 (C) | wavelet=sym6 | level=3 | mode=zero | look_back=91 | hidden=129 | layers=2 | dropout=0.452 | lr=0.00990 | batch=32 | ablation[dwt=True, bi=True]
[2026-06-07 14:54:20] [INFO]  i:T-39 | ind 39 (C) | wavelet=sym6 | level=3 | mode=zero | look_back=92 | hidden=129 | layers=2 | dropout=0.461 | lr=0.00996 | batch=32 | ablation[dwt=True, bi=True]
[2026-06-07 15:02:09] [OPT.GA] [INFO] 
[GEN 40] Best: 0.061134 | Duration: 774.1s | Improvements: 16/40
[2026-06-07 15:02:09] [OPT.GA] [INFO] 
============================================================
[2026-06-07 15:02:09] [OPT.GA] [INFO] GENERATION 41/50
[2026-06-07 15:02:17] [INFO]  i:T-40 | ind 0 (C) | wavelet=sym6 | level=3 | mode=zero | look_back=94 | hidden=112 | layers=2 | dropout=0.453 | lr=0.00991 | batch=32 | ablation[dwt=True, bi=True]
[2026-06-07 15:02:17] [INFO]  i:T-40 | ind 1 (C) | wavelet=sym6 | level=3 | mode=zero | look_back=96 | hidden=129 | layers=2 | dropout=0.415 | lr=0.00991 | batch=32 | ablation[dwt=True, bi=True]
[2026-06-07 15:02:17] [INFO]  i:T-40 | ind 2 (C) | wavelet=sym6 | level=3 | mode=zero | look_back=91 | hidden=112 | layers=2 | dropout=0.181 | lr=0.00991 | batch=32 | ablation[dwt=True, bi=True]
[2026-06-07 15:02:17] [INFO]  i:T-40 | ind 3 (C) | wavelet=sym6 | level=3 | mode=zero | look_back=94 | hidden=81 | layers=2 | dropout=0.438 | lr=0.00962 | batch=32 | ablation[dwt=True, bi=True]
[2026-06-07 15:02:17] [INFO]  i:T-40 | ind 4 (C) | wavelet=sym6 | level=3 | mode=zero | look_back=92 | hidden=96 | layers=2 | dropout=0.450 | lr=0.00990 | batch=32 | ablation[dwt=True, bi=True]
[2026-06-07 15:02:17] [INFO]  i:T-40 | ind 5 (C) | wavelet=sym6 | level=3 | mode=zero | look_back=94 | hidden=95 | layers=3 | dropout=0.442 | lr=0.00991 | batch=32 | ablation[dwt=True, bi=True]
[2026-06-07 15:02:17] [INFO]  i:T-40 | ind 6 (C) | wavelet=sym6 | level=3 | mode=zero | look_back=94 | hidden=112 | layers=2 | dropout=0.453 | lr=0.00991 | batch=32 | ablation[dwt=True, bi=True]
[2026-06-07 15:02:17] [INFO]  i:T-40 | ind 7 (C) | wavelet=sym6 | level=3 | mode=zero | look_back=92 | hidden=129 | layers=2 | dropout=0.455 | lr=0.00996 | batch=32 | ablation[dwt=True, bi=True]
[2026-06-07 15:02:17] [INFO]  i:T-40 | ind 8 (C) | wavelet=sym6 | level=3 | mode=zero | look_back=83 | hidden=108 | layers=2 | dropout=0.453 | lr=0.00991 | batch=32 | ablation[dwt=True, bi=True]
[2026-06-07 15:02:17] [INFO]  i:T-40 | ind 9 (C) | wavelet=sym6 | level=3 | mode=zero | look_back=94 | hidden=116 | layers=2 | dropout=0.451 | lr=0.00705 | batch=32 | ablation[dwt=True, bi=True]
[2026-06-07 15:02:17] [INFO]  i:T-40 | ind 10 (C) | wavelet=sym6 | level=3 | mode=zero | look_back=92 | hidden=110 | layers=2 | dropout=0.187 | lr=0.00720 | batch=32 | ablation[dwt=True, bi=True]
[2026-06-07 15:02:17] [INFO]  i:T-40 | ind 11 (C) | wavelet=sym6 | level=3 | mode=zero | look_back=91 | hidden=119 | layers=2 | dropout=0.493 | lr=0.00921 | batch=32 | ablation[dwt=True, bi=True]
[2026-06-07 15:02:17] [INFO]  i:T-40 | ind 12 (C) | wavelet=sym6 | level=3 | mode=zero | look_back=95 | hidden=107 | layers=2 | dropout=0.343 | lr=0.00995 | batch=32 | ablation[dwt=True, bi=True]
[2026-06-07 15:02:17] [INFO]  i:T-40 | ind 13 (C) | wavelet=sym6 | level=3 | mode=zero | look_back=88 | hidden=109 | layers=2 | dropout=0.228 | lr=0.00958 | batch=32 | ablation[dwt=True, bi=True]
[2026-06-07 15:02:17] [INFO]  i:T-40 | ind 14 (C) | wavelet=sym6 | level=3 | mode=zero | look_back=96 | hidden=129 | layers=2 | dropout=0.415 | lr=0.00991 | batch=32 | ablation[dwt=True, bi=True]
[2026-06-07 15:02:17] [INFO]  i:T-40 | ind 15 (C) | wavelet=sym6 | level=3 | mode=zero | look_back=94 | hidden=128 | layers=2 | dropout=0.452 | lr=0.00991 | batch=32 | ablation[dwt=True, bi=True]
[2026-06-07 15:02:17] [INFO]  i:T-40 | ind 19 (C) | wavelet=sym6 | level=3 | mode=zero | look_back=94 | hidden=116 | layers=3 | dropout=0.441 | lr=0.00991 | batch=32 | ablation[dwt=True, bi=True]
[2026-06-07 15:02:17] [INFO]  i:T-40 | ind 16 (C) | wavelet=sym6 | level=3 | mode=zero | look_back=92 | hidden=112 | layers=2 | dropout=0.155 | lr=0.00991 | batch=32 | ablation[dwt=True, bi=True]
[2026-06-07 15:02:17] [INFO]  i:T-40 | ind 17 (C) | wavelet=sym6 | level=3 | mode=zero | look_back=92 | hidden=110 | layers=2 | dropout=0.449 | lr=0.00990 | batch=32 | ablation[dwt=True, bi=True]
[2026-06-07 15:02:17] [INFO]  i:T-40 | ind 18 (C) | wavelet=sym6 | level=3 | mode=zero | look_back=94 | hidden=94 | layers=3 | dropout=0.453 | lr=0.00990 | batch=32 | ablation[dwt=True, bi=True]
[2026-06-07 15:02:17] [INFO]  i:T-40 | ind 20 (C) | wavelet=sym6 | level=3 | mode=zero | look_back=94 | hidden=130 | layers=2 | dropout=0.189 | lr=0.00993 | batch=32 | ablation[dwt=True, bi=True]
[2026-06-07 15:02:17] [INFO]  i:T-40 | ind 21 (C) | wavelet=sym6 | level=3 | mode=zero | look_back=87 | hidden=95 | layers=2 | dropout=0.467 | lr=0.00990 | batch=32 | ablation[dwt=True, bi=True]
[2026-06-07 15:02:17] [INFO]  i:T-40 | ind 22 (C) | wavelet=sym6 | level=3 | mode=zero | look_back=95 | hidden=116 | layers=3 | dropout=0.453 | lr=0.00991 | batch=32 | ablation[dwt=True, bi=True]
[2026-06-07 15:02:17] [INFO]  i:T-40 | ind 23 (C) | wavelet=sym6 | level=3 | mode=zero | look_back=96 | hidden=128 | layers=2 | dropout=0.415 | lr=0.00991 | batch=32 | ablation[dwt=True, bi=True]
[2026-06-07 15:02:17] [INFO]  i:T-40 | ind 24 (C) | wavelet=sym6 | level=3 | mode=zero | look_back=94 | hidden=105 | layers=2 | dropout=0.453 | lr=0.00922 | batch=32 | ablation[dwt=True, bi=True]
[2026-06-07 15:02:17] [INFO]  i:T-40 | ind 25 (C) | wavelet=sym6 | level=3 | mode=zero | look_back=91 | hidden=87 | layers=2 | dropout=0.465 | lr=0.00991 | batch=32 | ablation[dwt=True, bi=True]
[2026-06-07 15:02:17] [INFO]  i:T-40 | ind 26 (C) | wavelet=sym6 | level=3 | mode=zero | look_back=94 | hidden=101 | layers=2 | dropout=0.171 | lr=0.00991 | batch=32 | ablation[dwt=True, bi=True]
[2026-06-07 15:02:17] [INFO]  i:T-40 | ind 27 (C) | wavelet=sym6 | level=3 | mode=zero | look_back=94 | hidden=95 | layers=2 | dropout=0.458 | lr=0.00963 | batch=32 | ablation[dwt=True, bi=True]
[2026-06-07 15:02:17] [INFO]  i:T-40 | ind 28 (C) | wavelet=sym6 | level=3 | mode=zero | look_back=95 | hidden=116 | layers=2 | dropout=0.453 | lr=0.00990 | batch=32 | ablation[dwt=True, bi=True]
[2026-06-07 15:02:17] [INFO]  i:T-40 | ind 29 (C) | wavelet=sym6 | level=3 | mode=zero | look_back=95 | hidden=116 | layers=3 | dropout=0.451 | lr=0.00991 | batch=32 | ablation[dwt=True, bi=True]
[2026-06-07 15:02:17] [INFO]  i:T-40 | ind 30 (C) | wavelet=sym6 | level=3 | mode=zero | look_back=94 | hidden=116 | layers=2 | dropout=0.468 | lr=0.00993 | batch=32 | ablation[dwt=True, bi=True]
[2026-06-07 15:02:17] [INFO]  i:T-40 | ind 31 (C) | wavelet=sym6 | level=3 | mode=zero | look_back=95 | hidden=116 | layers=2 | dropout=0.458 | lr=0.00991 | batch=32 | ablation[dwt=True, bi=True]
[2026-06-07 15:02:17] [INFO]  i:T-40 | ind 32 (C) | wavelet=sym6 | level=3 | mode=zero | look_back=92 | hidden=110 | layers=2 | dropout=0.449 | lr=0.00990 | batch=32 | ablation[dwt=True, bi=True]
[2026-06-07 15:02:17] [INFO]  i:T-40 | ind 33 (C) | wavelet=sym6 | level=3 | mode=zero | look_back=94 | hidden=116 | layers=2 | dropout=0.187 | lr=0.00923 | batch=32 | ablation[dwt=True, bi=True]
[2026-06-07 15:02:17] [INFO]  i:T-40 | ind 34 (C) | wavelet=sym6 | level=3 | mode=zero | look_back=91 | hidden=116 | layers=3 | dropout=0.493 | lr=0.00991 | batch=32 | ablation[dwt=True, bi=True]
[2026-06-07 15:05:52] [INFO]  i:T-40 | ind 35 (C) | wavelet=sym6 | level=3 | mode=zero | look_back=91 | hidden=112 | layers=2 | dropout=0.493 | lr=0.00991 | batch=32 | ablation[dwt=True, bi=True]
[2026-06-07 15:06:10] [INFO]  i:T-40 | ind 36 (C) | wavelet=sym6 | level=3 | mode=zero | look_back=88 | hidden=94 | layers=2 | dropout=0.222 | lr=0.00980 | batch=32 | ablation[dwt=True, bi=True]
[2026-06-07 15:06:16] [INFO]  i:T-40 | ind 37 (C) | wavelet=sym6 | level=3 | mode=zero | look_back=95 | hidden=116 | layers=2 | dropout=0.171 | lr=0.00991 | batch=32 | ablation[dwt=True, bi=True]
[2026-06-07 15:06:19] [INFO]  i:T-40 | ind 38 (C) | wavelet=sym6 | level=3 | mode=zero | look_back=95 | hidden=116 | layers=2 | dropout=0.186 | lr=0.00993 | batch=32 | ablation[dwt=True, bi=True]
[2026-06-07 15:06:43] [INFO]  i:T-40 | ind 39 (C) | wavelet=sym6 | level=3 | mode=zero | look_back=95 | hidden=116 | layers=2 | dropout=0.453 | lr=0.00992 | batch=32 | ablation[dwt=True, bi=True]
[2026-06-07 15:26:10] [OPT.GA] [INFO] 
[GEN 41] Best: 0.061134 | Duration: 1440.8s | Improvements: 21/40
[2026-06-07 15:26:10] [OPT.GA] [INFO] 
============================================================
[2026-06-07 15:26:10] [OPT.GA] [INFO] GENERATION 42/50
[2026-06-07 15:26:15] [INFO]  i:T-41 | ind 0 (C) | wavelet=sym6 | level=3 | mode=zero | look_back=91 | hidden=112 | layers=2 | dropout=0.181 | lr=0.00991 | batch=32 | ablation[dwt=True, bi=True]
[2026-06-07 15:26:15] [INFO]  i:T-41 | ind 1 (C) | wavelet=sym6 | level=3 | mode=zero | look_back=96 | hidden=129 | layers=2 | dropout=0.415 | lr=0.00991 | batch=32 | ablation[dwt=True, bi=True]
[2026-06-07 15:26:15] [INFO]  i:T-41 | ind 2 (C) | wavelet=sym6 | level=3 | mode=zero | look_back=95 | hidden=116 | layers=2 | dropout=0.453 | lr=0.00992 | batch=32 | ablation[dwt=True, bi=True]
[2026-06-07 15:26:15] [INFO]  i:T-41 | ind 3 (C) | wavelet=sym6 | level=3 | mode=zero | look_back=96 | hidden=128 | layers=2 | dropout=0.415 | lr=0.00991 | batch=32 | ablation[dwt=True, bi=True]
[2026-06-07 15:26:15] [INFO]  i:T-41 | ind 4 (C) | wavelet=sym6 | level=3 | mode=zero | look_back=94 | hidden=131 | layers=2 | dropout=0.189 | lr=0.00993 | batch=32 | ablation[dwt=True, bi=True]
[2026-06-07 15:26:15] [INFO]  i:T-41 | ind 5 (C) | wavelet=sym6 | level=3 | mode=zero | look_back=96 | hidden=128 | layers=3 | dropout=0.453 | lr=0.00991 | batch=32 | ablation[dwt=True, bi=True]
[2026-06-07 15:26:15] [INFO]  i:T-41 | ind 6 (C) | wavelet=sym6 | level=3 | mode=zero | look_back=95 | hidden=116 | layers=2 | dropout=0.170 | lr=0.00991 | batch=32 | ablation[dwt=True, bi=True]
[2026-06-07 15:26:15] [INFO]  i:T-41 | ind 7 (C) | wavelet=sym6 | level=3 | mode=zero | look_back=94 | hidden=112 | layers=2 | dropout=0.451 | lr=0.00710 | batch=32 | ablation[dwt=True, bi=True]
[2026-06-07 15:26:15] [INFO]  i:T-41 | ind 8 (C) | wavelet=sym6 | level=3 | mode=zero | look_back=96 | hidden=128 | layers=2 | dropout=0.406 | lr=0.00991 | batch=32 | ablation[dwt=True, bi=True]
[2026-06-07 15:26:15] [INFO]  i:T-41 | ind 9 (C) | wavelet=sym6 | level=3 | mode=zero | look_back=92 | hidden=112 | layers=2 | dropout=0.187 | lr=0.00720 | batch=32 | ablation[dwt=True, bi=True]
[2026-06-07 15:26:15] [INFO]  i:T-41 | ind 10 (C) | wavelet=sym6 | level=3 | mode=zero | look_back=87 | hidden=96 | layers=2 | dropout=0.477 | lr=0.00990 | batch=32 | ablation[dwt=True, bi=True]
[2026-06-07 15:26:15] [INFO]  i:T-41 | ind 11 (C) | wavelet=sym6 | level=3 | mode=zero | look_back=95 | hidden=128 | layers=2 | dropout=0.415 | lr=0.00991 | batch=32 | ablation[dwt=True, bi=True]
[2026-06-07 15:26:15] [INFO]  i:T-41 | ind 12 (C) | wavelet=sym6 | level=3 | mode=zero | look_back=95 | hidden=112 | layers=2 | dropout=0.181 | lr=0.00991 | batch=32 | ablation[dwt=True, bi=True]
[2026-06-07 15:26:15] [INFO]  i:T-41 | ind 13 (C) | wavelet=sym6 | level=3 | mode=zero | look_back=96 | hidden=127 | layers=3 | dropout=0.461 | lr=0.00991 | batch=32 | ablation[dwt=True, bi=True]
[2026-06-07 15:26:15] [INFO]  i:T-41 | ind 14 (C) | wavelet=sym6 | level=3 | mode=zero | look_back=94 | hidden=105 | layers=2 | dropout=0.453 | lr=0.00922 | batch=32 | ablation[dwt=True, bi=True]
[2026-06-07 15:26:15] [INFO]  i:T-41 | ind 15 (C) | wavelet=sym6 | level=3 | mode=zero | look_back=94 | hidden=112 | layers=2 | dropout=0.417 | lr=0.00991 | batch=32 | ablation[dwt=True, bi=True]
[2026-06-07 15:26:15] [INFO]  i:T-41 | ind 16 (C) | wavelet=sym6 | level=3 | mode=zero | look_back=94 | hidden=116 | layers=2 | dropout=0.453 | lr=0.00991 | batch=32 | ablation[dwt=True, bi=True]
[2026-06-07 15:26:15] [INFO]  i:T-41 | ind 17 (C) | wavelet=sym6 | level=3 | mode=zero | look_back=91 | hidden=112 | layers=2 | dropout=0.493 | lr=0.00991 | batch=32 | ablation[dwt=True, bi=True]
[2026-06-07 15:26:15] [INFO]  i:T-41 | ind 18 (C) | wavelet=sym6 | level=3 | mode=zero | look_back=94 | hidden=101 | layers=2 | dropout=0.171 | lr=0.00991 | batch=32 | ablation[dwt=True, bi=True]
[2026-06-07 15:26:15] [INFO]  i:T-41 | ind 19 (C) | wavelet=sym6 | level=3 | mode=zero | look_back=95 | hidden=116 | layers=3 | dropout=0.453 | lr=0.00991 | batch=32 | ablation[dwt=True, bi=True]
[2026-06-07 15:26:15] [INFO]  i:T-41 | ind 20 (C) | wavelet=sym6 | level=3 | mode=zero | look_back=96 | hidden=129 | layers=2 | dropout=0.415 | lr=0.00991 | batch=32 | ablation[dwt=True, bi=True]
[2026-06-07 15:26:15] [INFO]  i:T-41 | ind 21 (C) | wavelet=sym6 | level=3 | mode=zero | look_back=94 | hidden=125 | layers=2 | dropout=0.218 | lr=0.00706 | batch=32 | ablation[dwt=True, bi=True]
[2026-06-07 15:26:15] [INFO]  i:T-41 | ind 22 (C) | wavelet=sym6 | level=3 | mode=zero | look_back=95 | hidden=116 | layers=3 | dropout=0.453 | lr=0.00991 | batch=32 | ablation[dwt=True, bi=True]
[2026-06-07 15:26:15] [INFO]  i:T-41 | ind 23 (C) | wavelet=sym6 | level=3 | mode=zero | look_back=91 | hidden=112 | layers=2 | dropout=0.181 | lr=0.00991 | batch=32 | ablation[dwt=True, bi=True]
[2026-06-07 15:26:15] [INFO]  i:T-41 | ind 24 (C) | wavelet=sym6 | level=3 | mode=zero | look_back=96 | hidden=128 | layers=2 | dropout=0.415 | lr=0.00991 | batch=32 | ablation[dwt=True, bi=True]
[2026-06-07 15:26:15] [INFO]  i:T-41 | ind 25 (C) | wavelet=sym6 | level=3 | mode=zero | look_back=96 | hidden=128 | layers=2 | dropout=0.415 | lr=0.00991 | batch=32 | ablation[dwt=True, bi=True]
[2026-06-07 15:26:15] [INFO]  i:T-41 | ind 26 (C) | wavelet=sym6 | level=3 | mode=zero | look_back=84 | hidden=108 | layers=2 | dropout=0.453 | lr=0.00991 | batch=32 | ablation[dwt=True, bi=True]
[2026-06-07 15:26:15] [INFO]  i:T-41 | ind 27 (C) | wavelet=sym6 | level=3 | mode=zero | look_back=88 | hidden=109 | layers=2 | dropout=0.228 | lr=0.00959 | batch=32 | ablation[dwt=True, bi=True]
[2026-06-07 15:26:15] [INFO]  i:T-41 | ind 28 (C) | wavelet=sym6 | level=3 | mode=zero | look_back=87 | hidden=95 | layers=2 | dropout=0.414 | lr=0.00990 | batch=32 | ablation[dwt=True, bi=True]
[2026-06-07 15:26:15] [INFO]  i:T-41 | ind 29 (C) | wavelet=sym6 | level=3 | mode=zero | look_back=83 | hidden=108 | layers=2 | dropout=0.453 | lr=0.00991 | batch=32 | ablation[dwt=True, bi=True]
[2026-06-07 15:26:15] [INFO]  i:T-41 | ind 30 (C) | wavelet=sym6 | level=3 | mode=zero | look_back=91 | hidden=105 | layers=2 | dropout=0.398 | lr=0.00922 | batch=32 | ablation[dwt=True, bi=True]
[2026-06-07 15:26:15] [INFO]  i:T-41 | ind 31 (C) | wavelet=sym6 | level=3 | mode=zero | look_back=96 | hidden=121 | layers=2 | dropout=0.415 | lr=0.00991 | batch=32 | ablation[dwt=True, bi=True]
[2026-06-07 15:26:15] [INFO]  i:T-41 | ind 32 (C) | wavelet=sym6 | level=3 | mode=zero | look_back=95 | hidden=128 | layers=2 | dropout=0.453 | lr=0.00992 | batch=32 | ablation[dwt=True, bi=True]
[2026-06-07 15:26:15] [INFO]  i:T-41 | ind 33 (C) | wavelet=sym6 | level=3 | mode=zero | look_back=83 | hidden=108 | layers=2 | dropout=0.453 | lr=0.00990 | batch=32 | ablation[dwt=True, bi=True]
[2026-06-07 15:26:15] [INFO]  i:T-41 | ind 34 (C) | wavelet=sym6 | level=3 | mode=zero | look_back=95 | hidden=95 | layers=2 | dropout=0.453 | lr=0.00990 | batch=32 | ablation[dwt=True, bi=True]
[2026-06-07 15:29:46] [INFO]  i:T-41 | ind 35 (C) | wavelet=sym6 | level=3 | mode=zero | look_back=95 | hidden=128 | layers=2 | dropout=0.452 | lr=0.00990 | batch=32 | ablation[dwt=True, bi=True]
[2026-06-07 15:30:17] [INFO]  i:T-41 | ind 36 (C) | wavelet=sym6 | level=3 | mode=zero | look_back=95 | hidden=128 | layers=2 | dropout=0.453 | lr=0.00996 | batch=32 | ablation[dwt=True, bi=True]
[2026-06-07 15:30:32] [INFO]  i:T-41 | ind 37 (C) | wavelet=sym6 | level=3 | mode=zero | look_back=94 | hidden=81 | layers=2 | dropout=0.438 | lr=0.00962 | batch=32 | ablation[dwt=True, bi=True]
[2026-06-07 15:30:35] [INFO]  i:T-41 | ind 38 (C) | wavelet=sym6 | level=3 | mode=zero | look_back=94 | hidden=129 | layers=2 | dropout=0.426 | lr=0.00961 | batch=32 | ablation[dwt=True, bi=True]
[2026-06-07 15:30:39] [INFO]  i:T-41 | ind 39 (C) | wavelet=sym6 | level=3 | mode=zero | look_back=91 | hidden=128 | layers=2 | dropout=0.189 | lr=0.00746 | batch=32 | ablation[dwt=True, bi=True]
[2026-06-07 15:44:13] [OPT.GA] [INFO] 
[GEN 42] Best: 0.061134 | Duration: 1083.5s | Improvements: 16/40
[2026-06-07 15:44:13] [OPT.GA] [INFO] 
============================================================
[2026-06-07 15:44:13] [OPT.GA] [INFO] GENERATION 43/50
[2026-06-07 15:44:18] [INFO]  i:T-42 | ind 0 (C) | wavelet=sym6 | level=3 | mode=zero | look_back=96 | hidden=128 | layers=2 | dropout=0.415 | lr=0.00991 | batch=32 | ablation[dwt=True, bi=True]
[2026-06-07 15:44:18] [INFO]  i:T-42 | ind 1 (C) | wavelet=sym6 | level=3 | mode=zero | look_back=91 | hidden=112 | layers=2 | dropout=0.493 | lr=0.00991 | batch=32 | ablation[dwt=True, bi=True]
[2026-06-07 15:44:18] [INFO]  i:T-42 | ind 2 (C) | wavelet=sym6 | level=3 | mode=zero | look_back=91 | hidden=112 | layers=2 | dropout=0.493 | lr=0.00991 | batch=32 | ablation[dwt=True, bi=True]
[2026-06-07 15:44:18] [INFO]  i:T-42 | ind 3 (C) | wavelet=sym6 | level=3 | mode=zero | look_back=86 | hidden=129 | layers=2 | dropout=0.427 | lr=0.00961 | batch=32 | ablation[dwt=True, bi=True]
[2026-06-07 15:44:18] [INFO]  i:T-42 | ind 4 (C) | wavelet=sym6 | level=3 | mode=zero | look_back=94 | hidden=112 | layers=2 | dropout=0.493 | lr=0.00991 | batch=32 | ablation[dwt=True, bi=True]
[2026-06-07 15:44:18] [INFO]  i:T-42 | ind 5 (C) | wavelet=sym6 | level=3 | mode=zero | look_back=95 | hidden=128 | layers=2 | dropout=0.415 | lr=0.00795 | batch=32 | ablation[dwt=True, bi=True]
[2026-06-07 15:44:18] [INFO]  i:T-42 | ind 6 (C) | wavelet=sym6 | level=3 | mode=zero | look_back=95 | hidden=95 | layers=2 | dropout=0.453 | lr=0.00990 | batch=32 | ablation[dwt=True, bi=True]
[2026-06-07 15:44:18] [INFO]  i:T-42 | ind 7 (C) | wavelet=sym6 | level=3 | mode=zero | look_back=95 | hidden=129 | layers=2 | dropout=0.426 | lr=0.00961 | batch=32 | ablation[dwt=True, bi=True]
[2026-06-07 15:44:18] [INFO]  i:T-42 | ind 8 (C) | wavelet=sym6 | level=3 | mode=zero | look_back=94 | hidden=125 | layers=2 | dropout=0.218 | lr=0.00703 | batch=32 | ablation[dwt=True, bi=True]
[2026-06-07 15:44:18] [INFO]  i:T-42 | ind 9 (C) | wavelet=sym6 | level=3 | mode=zero | look_back=95 | hidden=128 | layers=2 | dropout=0.453 | lr=0.00993 | batch=32 | ablation[dwt=True, bi=True]
[2026-06-07 15:44:18] [INFO]  i:T-42 | ind 10 (C) | wavelet=sym6 | level=3 | mode=zero | look_back=92 | hidden=112 | layers=2 | dropout=0.417 | lr=0.00987 | batch=32 | ablation[dwt=True, bi=True]
[2026-06-07 15:44:19] [INFO]  i:T-42 | ind 11 (C) | wavelet=sym6 | level=3 | mode=zero | look_back=95 | hidden=95 | layers=2 | dropout=0.453 | lr=0.00757 | batch=32 | ablation[dwt=True, bi=True]
[2026-06-07 15:44:19] [INFO]  i:T-42 | ind 12 (C) | wavelet=sym6 | level=3 | mode=zero | look_back=96 | hidden=128 | layers=3 | dropout=0.415 | lr=0.00991 | batch=32 | ablation[dwt=True, bi=True]
[2026-06-07 15:44:19] [INFO]  i:T-42 | ind 13 (C) | wavelet=sym6 | level=3 | mode=zero | look_back=96 | hidden=125 | layers=2 | dropout=0.425 | lr=0.00998 | batch=32 | ablation[dwt=True, bi=True]
[2026-06-07 15:44:19] [INFO]  i:T-42 | ind 14 (C) | wavelet=sym6 | level=3 | mode=zero | look_back=96 | hidden=128 | layers=2 | dropout=0.415 | lr=0.00991 | batch=32 | ablation[dwt=True, bi=True]
[2026-06-07 15:44:19] [INFO]  i:T-42 | ind 15 (C) | wavelet=sym6 | level=3 | mode=zero | look_back=96 | hidden=128 | layers=2 | dropout=0.415 | lr=0.00991 | batch=32 | ablation[dwt=True, bi=True]
[2026-06-07 15:44:19] [INFO]  i:T-42 | ind 16 (C) | wavelet=sym6 | level=3 | mode=zero | look_back=92 | hidden=112 | layers=2 | dropout=0.187 | lr=0.00922 | batch=32 | ablation[dwt=True, bi=True]
[2026-06-07 15:44:19] [INFO]  i:T-42 | ind 17 (C) | wavelet=sym6 | level=3 | mode=zero | look_back=95 | hidden=134 | layers=2 | dropout=0.490 | lr=0.00990 | batch=32 | ablation[dwt=True, bi=True]
[2026-06-07 15:44:19] [INFO]  i:T-42 | ind 18 (C) | wavelet=sym6 | level=3 | mode=zero | look_back=96 | hidden=120 | layers=2 | dropout=0.453 | lr=0.00996 | batch=32 | ablation[dwt=True, bi=True]
[2026-06-07 15:44:19] [INFO]  i:T-42 | ind 19 (C) | wavelet=sym6 | level=3 | mode=zero | look_back=96 | hidden=128 | layers=2 | dropout=0.491 | lr=0.00991 | batch=32 | ablation[dwt=True, bi=True]
[2026-06-07 15:44:19] [INFO]  i:T-42 | ind 20 (C) | wavelet=sym6 | level=3 | mode=zero | look_back=96 | hidden=128 | layers=2 | dropout=0.415 | lr=0.00991 | batch=32 | ablation[dwt=True, bi=True]
[2026-06-07 15:44:19] [INFO]  i:T-42 | ind 21 (C) | wavelet=sym6 | level=3 | mode=zero | look_back=96 | hidden=122 | layers=3 | dropout=0.455 | lr=0.00991 | batch=32 | ablation[dwt=True, bi=True]
[2026-06-07 15:44:19] [INFO]  i:T-42 | ind 22 (C) | wavelet=sym6 | level=3 | mode=zero | look_back=91 | hidden=111 | layers=2 | dropout=0.416 | lr=0.00991 | batch=32 | ablation[dwt=True, bi=True]
[2026-06-07 15:44:19] [INFO]  i:T-42 | ind 23 (C) | wavelet=sym6 | level=3 | mode=zero | look_back=94 | hidden=125 | layers=2 | dropout=0.218 | lr=0.00706 | batch=32 | ablation[dwt=True, bi=True]
[2026-06-07 15:44:19] [INFO]  i:T-42 | ind 24 (C) | wavelet=sym6 | level=3 | mode=zero | look_back=94 | hidden=129 | layers=2 | dropout=0.426 | lr=0.00961 | batch=32 | ablation[dwt=True, bi=True]
[2026-06-07 15:44:19] [INFO]  i:T-42 | ind 25 (C) | wavelet=sym6 | level=3 | mode=zero | look_back=92 | hidden=128 | layers=2 | dropout=0.185 | lr=0.00991 | batch=32 | ablation[dwt=True, bi=True]
[2026-06-07 15:44:19] [INFO]  i:T-42 | ind 26 (C) | wavelet=sym6 | level=3 | mode=zero | look_back=96 | hidden=128 | layers=2 | dropout=0.452 | lr=0.00990 | batch=32 | ablation[dwt=True, bi=True]
[2026-06-07 15:44:19] [INFO]  i:T-42 | ind 27 (C) | wavelet=sym6 | level=3 | mode=zero | look_back=84 | hidden=99 | layers=3 | dropout=0.453 | lr=0.00991 | batch=32 | ablation[dwt=True, bi=True]
[2026-06-07 15:44:19] [INFO]  i:T-42 | ind 28 (C) | wavelet=sym6 | level=3 | mode=zero | look_back=91 | hidden=112 | layers=2 | dropout=0.493 | lr=0.00991 | batch=32 | ablation[dwt=True, bi=True]
[2026-06-07 15:44:19] [INFO]  i:T-42 | ind 29 (C) | wavelet=sym6 | level=3 | mode=zero | look_back=94 | hidden=104 | layers=2 | dropout=0.452 | lr=0.00922 | batch=32 | ablation[dwt=True, bi=True]
[2026-06-07 15:44:19] [INFO]  i:T-42 | ind 30 (C) | wavelet=sym6 | level=3 | mode=zero | look_back=91 | hidden=112 | layers=2 | dropout=0.417 | lr=0.00991 | batch=32 | ablation[dwt=True, bi=True]
[2026-06-07 15:44:19] [INFO]  i:T-42 | ind 31 (C) | wavelet=sym6 | level=3 | mode=zero | look_back=87 | hidden=116 | layers=3 | dropout=0.414 | lr=0.00991 | batch=32 | ablation[dwt=True, bi=True]
[2026-06-07 15:44:19] [INFO]  i:T-42 | ind 32 (C) | wavelet=sym6 | level=3 | mode=zero | look_back=94 | hidden=108 | layers=2 | dropout=0.453 | lr=0.00991 | batch=32 | ablation[dwt=True, bi=True]
[2026-06-07 15:44:19] [INFO]  i:T-42 | ind 33 (C) | wavelet=sym6 | level=3 | mode=zero | look_back=94 | hidden=105 | layers=2 | dropout=0.438 | lr=0.00963 | batch=32 | ablation[dwt=True, bi=True]
[2026-06-07 15:44:19] [INFO]  i:T-42 | ind 34 (C) | wavelet=sym6 | level=3 | mode=zero | look_back=94 | hidden=125 | layers=2 | dropout=0.218 | lr=0.00706 | batch=32 | ablation[dwt=True, bi=True]
[2026-06-07 15:48:10] [INFO]  i:T-42 | ind 35 (C) | wavelet=sym6 | level=3 | mode=zero | look_back=94 | hidden=101 | layers=2 | dropout=0.169 | lr=0.00991 | batch=32 | ablation[dwt=True, bi=True]
[2026-06-07 15:48:15] [INFO]  i:T-42 | ind 36 (C) | wavelet=sym6 | level=3 | mode=zero | look_back=87 | hidden=95 | layers=2 | dropout=0.414 | lr=0.00990 | batch=32 | ablation[dwt=True, bi=True]
[2026-06-07 15:48:32] [INFO]  i:T-42 | ind 37 (C) | wavelet=sym6 | level=3 | mode=zero | look_back=95 | hidden=128 | layers=3 | dropout=0.451 | lr=0.00991 | batch=32 | ablation[dwt=True, bi=True]
[2026-06-07 15:48:48] [INFO]  i:T-42 | ind 38 (C) | wavelet=sym6 | level=3 | mode=zero | look_back=96 | hidden=121 | layers=2 | dropout=0.415 | lr=0.00991 | batch=32 | ablation[dwt=True, bi=True]
[2026-06-07 15:49:15] [INFO]  i:T-42 | ind 39 (C) | wavelet=sym6 | level=3 | mode=zero | look_back=95 | hidden=127 | layers=3 | dropout=0.469 | lr=0.00991 | batch=32 | ablation[dwt=True, bi=True]
[2026-06-07 16:02:27] [OPT.GA] [INFO] 
[GEN 43] Best: 0.061134 | Duration: 1094.1s | Improvements: 16/40
[2026-06-07 16:02:27] [OPT.GA] [INFO] 
============================================================
[2026-06-07 16:02:27] [OPT.GA] [INFO] GENERATION 44/50
[2026-06-07 16:02:37] [INFO]  i:T-43 | ind 0 (C) | wavelet=sym6 | level=3 | mode=zero | look_back=92 | hidden=112 | layers=2 | dropout=0.417 | lr=0.00987 | batch=32 | ablation[dwt=True, bi=True]
[2026-06-07 16:02:37] [INFO]  i:T-43 | ind 1 (C) | wavelet=sym6 | level=3 | mode=zero | look_back=94 | hidden=104 | layers=2 | dropout=0.452 | lr=0.00922 | batch=32 | ablation[dwt=True, bi=True]
[2026-06-07 16:02:37] [INFO]  i:T-43 | ind 2 (C) | wavelet=sym6 | level=3 | mode=zero | look_back=95 | hidden=134 | layers=2 | dropout=0.494 | lr=0.00990 | batch=32 | ablation[dwt=True, bi=True]
[2026-06-07 16:02:37] [INFO]  i:T-43 | ind 3 (C) | wavelet=sym6 | level=3 | mode=zero | look_back=95 | hidden=127 | layers=3 | dropout=0.415 | lr=0.00991 | batch=32 | ablation[dwt=True, bi=True]
[2026-06-07 16:02:37] [INFO]  i:T-43 | ind 4 (C) | wavelet=sym6 | level=3 | mode=zero | look_back=96 | hidden=115 | layers=3 | dropout=0.453 | lr=0.00996 | batch=32 | ablation[dwt=True, bi=True]
[2026-06-07 16:02:37] [INFO]  i:T-43 | ind 5 (C) | wavelet=sym6 | level=3 | mode=zero | look_back=96 | hidden=128 | layers=3 | dropout=0.479 | lr=0.00991 | batch=32 | ablation[dwt=True, bi=True]
[2026-06-07 16:02:37] [INFO]  i:T-43 | ind 9 (C) | wavelet=sym6 | level=3 | mode=zero | look_back=94 | hidden=103 | layers=3 | dropout=0.469 | lr=0.00923 | batch=32 | ablation[dwt=True, bi=True]
[2026-06-07 16:02:37] [INFO]  i:T-43 | ind 8 (C) | wavelet=sym6 | level=3 | mode=zero | look_back=92 | hidden=112 | layers=2 | dropout=0.417 | lr=0.00987 | batch=32 | ablation[dwt=True, bi=True]
[2026-06-07 16:02:37] [INFO]  i:T-43 | ind 11 (C) | wavelet=sym6 | level=3 | mode=zero | look_back=96 | hidden=121 | layers=2 | dropout=0.415 | lr=0.00998 | batch=32 | ablation[dwt=True, bi=True]
[2026-06-07 16:02:37] [INFO]  i:T-43 | ind 6 (C) | wavelet=sym6 | level=3 | mode=zero | look_back=94 | hidden=108 | layers=2 | dropout=0.227 | lr=0.00703 | batch=32 | ablation[dwt=True, bi=True]
[2026-06-07 16:02:37] [INFO]  i:T-43 | ind 7 (C) | wavelet=sym6 | level=3 | mode=zero | look_back=95 | hidden=128 | layers=2 | dropout=0.415 | lr=0.00795 | batch=32 | ablation[dwt=True, bi=True]
[2026-06-07 16:02:37] [INFO]  i:T-43 | ind 13 (C) | wavelet=sym6 | level=3 | mode=zero | look_back=96 | hidden=128 | layers=3 | dropout=0.415 | lr=0.00991 | batch=32 | ablation[dwt=True, bi=True]
[2026-06-07 16:02:37] [INFO]  i:T-43 | ind 10 (C) | wavelet=sym6 | level=3 | mode=zero | look_back=94 | hidden=122 | layers=3 | dropout=0.455 | lr=0.00991 | batch=32 | ablation[dwt=True, bi=True]
[2026-06-07 16:02:37] [INFO]  i:T-43 | ind 14 (C) | wavelet=sym6 | level=3 | mode=zero | look_back=91 | hidden=112 | layers=2 | dropout=0.417 | lr=0.00698 | batch=32 | ablation[dwt=True, bi=True]
[2026-06-07 16:02:37] [INFO]  i:T-43 | ind 12 (C) | wavelet=sym6 | level=3 | mode=zero | look_back=96 | hidden=128 | layers=2 | dropout=0.422 | lr=0.00990 | batch=32 | ablation[dwt=True, bi=True]
[2026-06-07 16:02:37] [INFO]  i:T-43 | ind 15 (C) | wavelet=sym6 | level=3 | mode=zero | look_back=95 | hidden=112 | layers=2 | dropout=0.490 | lr=0.00987 | batch=32 | ablation[dwt=True, bi=True]
[2026-06-07 16:02:37] [INFO]  i:T-43 | ind 16 (C) | wavelet=sym6 | level=3 | mode=zero | look_back=96 | hidden=128 | layers=2 | dropout=0.415 | lr=0.00991 | batch=32 | ablation[dwt=True, bi=True]
[2026-06-07 16:02:37] [INFO]  i:T-43 | ind 17 (C) | wavelet=sym6 | level=3 | mode=zero | look_back=95 | hidden=128 | layers=2 | dropout=0.415 | lr=0.00961 | batch=32 | ablation[dwt=True, bi=True]
[2026-06-07 16:02:37] [INFO]  i:T-43 | ind 18 (C) | wavelet=sym6 | level=3 | mode=zero | look_back=94 | hidden=101 | layers=2 | dropout=0.456 | lr=0.00922 | batch=32 | ablation[dwt=True, bi=True]
[2026-06-07 16:02:37] [INFO]  i:T-43 | ind 19 (C) | wavelet=sym6 | level=3 | mode=zero | look_back=94 | hidden=104 | layers=2 | dropout=0.452 | lr=0.00922 | batch=32 | ablation[dwt=True, bi=True]
[2026-06-07 16:02:37] [INFO]  i:T-43 | ind 20 (C) | wavelet=sym6 | level=3 | mode=zero | look_back=96 | hidden=122 | layers=3 | dropout=0.455 | lr=0.00991 | batch=32 | ablation[dwt=True, bi=True]
[2026-06-07 16:02:37] [INFO]  i:T-43 | ind 21 (C) | wavelet=sym6 | level=3 | mode=zero | look_back=92 | hidden=112 | layers=2 | dropout=0.187 | lr=0.00922 | batch=32 | ablation[dwt=True, bi=True]
[2026-06-07 16:02:37] [INFO]  i:T-43 | ind 22 (C) | wavelet=sym6 | level=3 | mode=zero | look_back=95 | hidden=121 | layers=3 | dropout=0.469 | lr=0.00993 | batch=32 | ablation[dwt=True, bi=True]
[2026-06-07 16:02:37] [INFO]  i:T-43 | ind 23 (C) | wavelet=sym6 | level=3 | mode=zero | look_back=94 | hidden=122 | layers=2 | dropout=0.455 | lr=0.00991 | batch=32 | ablation[dwt=True, bi=True]
[2026-06-07 16:02:37] [INFO]  i:T-43 | ind 24 (C) | wavelet=sym6 | level=3 | mode=zero | look_back=94 | hidden=127 | layers=3 | dropout=0.455 | lr=0.00991 | batch=32 | ablation[dwt=True, bi=True]
[2026-06-07 16:02:37] [INFO]  i:T-43 | ind 25 (C) | wavelet=sym6 | level=3 | mode=zero | look_back=96 | hidden=128 | layers=2 | dropout=0.453 | lr=0.00990 | batch=32 | ablation[dwt=True, bi=True]
[2026-06-07 16:02:37] [INFO]  i:T-43 | ind 26 (C) | wavelet=sym6 | level=3 | mode=zero | look_back=92 | hidden=128 | layers=2 | dropout=0.185 | lr=0.00986 | batch=32 | ablation[dwt=True, bi=True]
[2026-06-07 16:02:37] [INFO]  i:T-43 | ind 27 (C) | wavelet=sym6 | level=3 | mode=zero | look_back=95 | hidden=128 | layers=2 | dropout=0.415 | lr=0.00795 | batch=32 | ablation[dwt=True, bi=True]
[2026-06-07 16:02:37] [INFO]  i:T-43 | ind 28 (C) | wavelet=sym6 | level=3 | mode=zero | look_back=96 | hidden=128 | layers=2 | dropout=0.415 | lr=0.00991 | batch=32 | ablation[dwt=True, bi=True]
[2026-06-07 16:02:37] [INFO]  i:T-43 | ind 29 (C) | wavelet=sym6 | level=3 | mode=zero | look_back=95 | hidden=134 | layers=2 | dropout=0.489 | lr=0.00991 | batch=32 | ablation[dwt=True, bi=True]
[2026-06-07 16:02:37] [INFO]  i:T-43 | ind 30 (C) | wavelet=sym6 | level=3 | mode=zero | look_back=94 | hidden=125 | layers=2 | dropout=0.411 | lr=0.01000 | batch=32 | ablation[dwt=True, bi=True]
[2026-06-07 16:02:37] [INFO]  i:T-43 | ind 31 (C) | wavelet=sym6 | level=3 | mode=zero | look_back=95 | hidden=125 | layers=3 | dropout=0.426 | lr=0.00991 | batch=32 | ablation[dwt=True, bi=True]
[2026-06-07 16:02:37] [INFO]  i:T-43 | ind 32 (C) | wavelet=sym6 | level=3 | mode=zero | look_back=95 | hidden=103 | layers=3 | dropout=0.469 | lr=0.00922 | batch=32 | ablation[dwt=True, bi=True]
[2026-06-07 16:02:37] [INFO]  i:T-43 | ind 33 (C) | wavelet=sym6 | level=3 | mode=zero | look_back=92 | hidden=128 | layers=2 | dropout=0.185 | lr=0.00963 | batch=32 | ablation[dwt=True, bi=True]
[2026-06-07 16:02:37] [INFO]  i:T-43 | ind 34 (C) | wavelet=sym6 | level=3 | mode=zero | look_back=95 | hidden=128 | layers=2 | dropout=0.415 | lr=0.00795 | batch=32 | ablation[dwt=True, bi=True]
[2026-06-07 16:07:08] [INFO]  i:T-43 | ind 35 (C) | wavelet=sym6 | level=3 | mode=zero | look_back=92 | hidden=112 | layers=2 | dropout=0.417 | lr=0.00987 | batch=32 | ablation[dwt=True, bi=True]
[2026-06-07 16:07:26] [INFO]  i:T-43 | ind 36 (C) | wavelet=sym6 | level=3 | mode=zero | look_back=95 | hidden=134 | layers=2 | dropout=0.491 | lr=0.00996 | batch=32 | ablation[dwt=True, bi=True]
[2026-06-07 16:07:45] [INFO]  i:T-43 | ind 37 (C) | wavelet=sym6 | level=3 | mode=zero | look_back=92 | hidden=112 | layers=2 | dropout=0.417 | lr=0.00987 | batch=32 | ablation[dwt=True, bi=True]
[2026-06-07 16:07:58] [INFO]  i:T-43 | ind 38 (C) | wavelet=sym6 | level=3 | mode=zero | look_back=94 | hidden=115 | layers=2 | dropout=0.491 | lr=0.00991 | batch=32 | ablation[dwt=True, bi=True]
[2026-06-07 16:08:01] [INFO]  i:T-43 | ind 39 (C) | wavelet=sym6 | level=3 | mode=zero | look_back=96 | hidden=128 | layers=3 | dropout=0.417 | lr=0.00991 | batch=32 | ablation[dwt=True, bi=True]
[2026-06-07 16:19:04] [OPT.GA] [INFO] 
[GEN 44] Best: 0.061134 | Duration: 997.2s | Improvements: 20/40
[2026-06-07 16:19:04] [OPT.GA] [INFO] 
============================================================
[2026-06-07 16:19:04] [OPT.GA] [INFO] GENERATION 45/50
[2026-06-07 16:19:09] [INFO]  i:T-44 | ind 0 (C) | wavelet=sym6 | level=3 | mode=zero | look_back=96 | hidden=128 | layers=2 | dropout=0.453 | lr=0.00990 | batch=32 | ablation[dwt=True, bi=True]
[2026-06-07 16:19:09] [INFO]  i:T-44 | ind 1 (C) | wavelet=sym6 | level=3 | mode=zero | look_back=96 | hidden=128 | layers=2 | dropout=0.422 | lr=0.00990 | batch=32 | ablation[dwt=True, bi=True]
[2026-06-07 16:19:10] [INFO]  i:T-44 | ind 2 (C) | wavelet=sym6 | level=3 | mode=zero | look_back=95 | hidden=134 | layers=2 | dropout=0.486 | lr=0.00991 | batch=32 | ablation[dwt=True, bi=True]
[2026-06-07 16:19:10] [INFO]  i:T-44 | ind 3 (C) | wavelet=sym6 | level=3 | mode=zero | look_back=94 | hidden=125 | layers=2 | dropout=0.452 | lr=0.01000 | batch=32 | ablation[dwt=True, bi=True]
[2026-06-07 16:19:10] [INFO]  i:T-44 | ind 4 (C) | wavelet=sym6 | level=3 | mode=zero | look_back=95 | hidden=128 | layers=2 | dropout=0.414 | lr=0.00990 | batch=32 | ablation[dwt=True, bi=True]
[2026-06-07 16:19:10] [INFO]  i:T-44 | ind 5 (C) | wavelet=sym6 | level=3 | mode=zero | look_back=96 | hidden=128 | layers=2 | dropout=0.415 | lr=0.00991 | batch=32 | ablation[dwt=True, bi=True]
[2026-06-07 16:19:10] [INFO]  i:T-44 | ind 6 (C) | wavelet=sym6 | level=3 | mode=zero | look_back=92 | hidden=125 | layers=2 | dropout=0.185 | lr=0.00961 | batch=32 | ablation[dwt=True, bi=True]
[2026-06-07 16:19:10] [INFO]  i:T-44 | ind 7 (C) | wavelet=sym6 | level=3 | mode=zero | look_back=93 | hidden=102 | layers=3 | dropout=0.417 | lr=0.00987 | batch=32 | ablation[dwt=True, bi=True]
[2026-06-07 16:19:10] [INFO]  i:T-44 | ind 8 (C) | wavelet=sym6 | level=3 | mode=zero | look_back=96 | hidden=128 | layers=2 | dropout=0.453 | lr=0.00990 | batch=32 | ablation[dwt=True, bi=True]
[2026-06-07 16:19:10] [INFO]  i:T-44 | ind 9 (C) | wavelet=sym6 | level=3 | mode=zero | look_back=94 | hidden=125 | layers=2 | dropout=0.411 | lr=0.01000 | batch=32 | ablation[dwt=True, bi=True]
[2026-06-07 16:19:10] [INFO]  i:T-44 | ind 10 (C) | wavelet=sym6 | level=3 | mode=zero | look_back=96 | hidden=128 | layers=2 | dropout=0.422 | lr=0.01000 | batch=32 | ablation[dwt=True, bi=True]
[2026-06-07 16:19:10] [INFO]  i:T-44 | ind 11 (C) | wavelet=sym6 | level=3 | mode=zero | look_back=96 | hidden=128 | layers=2 | dropout=0.422 | lr=0.00990 | batch=32 | ablation[dwt=True, bi=True]
[2026-06-07 16:19:10] [INFO]  i:T-44 | ind 12 (C) | wavelet=sym6 | level=3 | mode=zero | look_back=96 | hidden=128 | layers=2 | dropout=0.453 | lr=0.00990 | batch=32 | ablation[dwt=True, bi=True]
[2026-06-07 16:19:10] [INFO]  i:T-44 | ind 13 (C) | wavelet=sym6 | level=3 | mode=zero | look_back=96 | hidden=128 | layers=2 | dropout=0.454 | lr=0.00982 | batch=32 | ablation[dwt=True, bi=True]
[2026-06-07 16:19:10] [INFO]  i:T-44 | ind 14 (C) | wavelet=sym6 | level=3 | mode=zero | look_back=92 | hidden=128 | layers=2 | dropout=0.090 | lr=0.00986 | batch=32 | ablation[dwt=True, bi=True]
[2026-06-07 16:19:10] [INFO]  i:T-44 | ind 15 (C) | wavelet=sym6 | level=3 | mode=zero | look_back=92 | hidden=128 | layers=3 | dropout=0.407 | lr=0.00787 | batch=32 | ablation[dwt=True, bi=True]
[2026-06-07 16:19:10] [INFO]  i:T-44 | ind 16 (C) | wavelet=sym6 | level=3 | mode=zero | look_back=96 | hidden=112 | layers=2 | dropout=0.417 | lr=0.00987 | batch=32 | ablation[dwt=True, bi=True]
[2026-06-07 16:19:10] [INFO]  i:T-44 | ind 17 (C) | wavelet=sym6 | level=3 | mode=zero | look_back=95 | hidden=120 | layers=3 | dropout=0.426 | lr=0.00989 | batch=32 | ablation[dwt=True, bi=True]
[2026-06-07 16:19:10] [INFO]  i:T-44 | ind 18 (C) | wavelet=sym6 | level=3 | mode=zero | look_back=96 | hidden=128 | layers=3 | dropout=0.492 | lr=0.00991 | batch=32 | ablation[dwt=True, bi=True]
[2026-06-07 16:19:10] [INFO]  i:T-44 | ind 19 (C) | wavelet=sym6 | level=3 | mode=zero | look_back=96 | hidden=128 | layers=2 | dropout=0.415 | lr=0.00990 | batch=32 | ablation[dwt=True, bi=True]
[2026-06-07 16:19:10] [INFO]  i:T-44 | ind 20 (C) | wavelet=sym6 | level=3 | mode=zero | look_back=96 | hidden=128 | layers=2 | dropout=0.453 | lr=0.00920 | batch=32 | ablation[dwt=True, bi=True]
[2026-06-07 16:19:10] [INFO]  i:T-44 | ind 21 (C) | wavelet=sym6 | level=3 | mode=zero | look_back=92 | hidden=129 | layers=2 | dropout=0.417 | lr=0.00987 | batch=32 | ablation[dwt=True, bi=True]
[2026-06-07 16:19:10] [INFO]  i:T-44 | ind 22 (C) | wavelet=sym6 | level=3 | mode=zero | look_back=96 | hidden=122 | layers=3 | dropout=0.472 | lr=0.00923 | batch=32 | ablation[dwt=True, bi=True]
[2026-06-07 16:19:10] [INFO]  i:T-44 | ind 23 (C) | wavelet=sym6 | level=3 | mode=zero | look_back=96 | hidden=167 | layers=2 | dropout=0.422 | lr=0.00990 | batch=32 | ablation[dwt=True, bi=True]
[2026-06-07 16:19:10] [INFO]  i:T-44 | ind 24 (C) | wavelet=sym6 | level=3 | mode=zero | look_back=95 | hidden=128 | layers=3 | dropout=0.466 | lr=0.00795 | batch=32 | ablation[dwt=True, bi=True]
[2026-06-07 16:19:10] [INFO]  i:T-44 | ind 25 (C) | wavelet=sym6 | level=3 | mode=zero | look_back=94 | hidden=105 | layers=3 | dropout=0.455 | lr=0.00991 | batch=32 | ablation[dwt=True, bi=True]
[2026-06-07 16:19:10] [INFO]  i:T-44 | ind 26 (C) | wavelet=sym6 | level=3 | mode=zero | look_back=96 | hidden=121 | layers=2 | dropout=0.415 | lr=0.00998 | batch=32 | ablation[dwt=True, bi=True]
[2026-06-07 16:19:10] [INFO]  i:T-44 | ind 27 (C) | wavelet=sym6 | level=3 | mode=zero | look_back=96 | hidden=134 | layers=2 | dropout=0.415 | lr=0.00998 | batch=32 | ablation[dwt=True, bi=True]
[2026-06-07 16:19:10] [INFO]  i:T-44 | ind 28 (C) | wavelet=sym6 | level=3 | mode=zero | look_back=92 | hidden=112 | layers=2 | dropout=0.187 | lr=0.00922 | batch=32 | ablation[dwt=True, bi=True]
[2026-06-07 16:19:10] [INFO]  i:T-44 | ind 29 (C) | wavelet=sym6 | level=3 | mode=zero | look_back=95 | hidden=128 | layers=2 | dropout=0.489 | lr=0.00991 | batch=32 | ablation[dwt=True, bi=True]
[2026-06-07 16:19:10] [INFO]  i:T-44 | ind 30 (C) | wavelet=sym6 | level=3 | mode=zero | look_back=95 | hidden=128 | layers=2 | dropout=0.410 | lr=0.00787 | batch=32 | ablation[dwt=True, bi=True]
[2026-06-07 16:19:10] [INFO]  i:T-44 | ind 31 (C) | wavelet=sym6 | level=3 | mode=zero | look_back=94 | hidden=103 | layers=3 | dropout=0.469 | lr=0.00923 | batch=32 | ablation[dwt=True, bi=True]
[2026-06-07 16:19:10] [INFO]  i:T-44 | ind 32 (C) | wavelet=sym6 | level=3 | mode=zero | look_back=94 | hidden=125 | layers=2 | dropout=0.411 | lr=0.00978 | batch=32 | ablation[dwt=True, bi=True]
[2026-06-07 16:19:10] [INFO]  i:T-44 | ind 33 (C) | wavelet=sym6 | level=3 | mode=zero | look_back=92 | hidden=114 | layers=2 | dropout=0.417 | lr=0.00987 | batch=32 | ablation[dwt=True, bi=True]
[2026-06-07 16:19:10] [INFO]  i:T-44 | ind 34 (C) | wavelet=sym6 | level=3 | mode=zero | look_back=92 | hidden=112 | layers=2 | dropout=0.489 | lr=0.00991 | batch=32 | ablation[dwt=True, bi=True]
[2026-06-07 16:23:19] [INFO]  i:T-44 | ind 35 (C) | wavelet=sym6 | level=3 | mode=zero | look_back=96 | hidden=115 | layers=3 | dropout=0.453 | lr=0.00996 | batch=32 | ablation[dwt=True, bi=True]
[2026-06-07 16:23:43] [INFO]  i:T-44 | ind 36 (C) | wavelet=sym6 | level=3 | mode=zero | look_back=92 | hidden=120 | layers=2 | dropout=0.417 | lr=0.01000 | batch=32 | ablation[dwt=True, bi=True]
[2026-06-07 16:23:49] [INFO]  i:T-44 | ind 37 (C) | wavelet=sym6 | level=3 | mode=zero | look_back=95 | hidden=134 | layers=2 | dropout=0.489 | lr=0.00991 | batch=32 | ablation[dwt=True, bi=True]
[2026-06-07 16:24:21] [INFO]  i:T-44 | ind 38 (C) | wavelet=sym6 | level=3 | mode=zero | look_back=94 | hidden=119 | layers=2 | dropout=0.227 | lr=0.00694 | batch=32 | ablation[dwt=True, bi=True]
[2026-06-07 16:24:24] [INFO]  i:T-44 | ind 39 (C) | wavelet=sym6 | level=3 | mode=zero | look_back=95 | hidden=128 | layers=2 | dropout=0.415 | lr=0.01000 | batch=32 | ablation[dwt=True, bi=True]
[2026-06-07 16:35:42] [OPT.GA] [INFO] 
[GEN 45] Best: 0.061134 | Duration: 997.3s | Improvements: 21/40
[2026-06-07 16:35:42] [OPT.GA] [INFO] 
============================================================
[2026-06-07 16:35:42] [OPT.GA] [INFO] GENERATION 46/50
[2026-06-07 16:35:53] [INFO]  i:T-45 | ind 0 (C) | wavelet=sym6 | level=3 | mode=zero | look_back=96 | hidden=128 | layers=2 | dropout=0.422 | lr=0.00990 | batch=32 | ablation[dwt=True, bi=True]
[2026-06-07 16:35:53] [INFO]  i:T-45 | ind 1 (C) | wavelet=sym6 | level=3 | mode=zero | look_back=96 | hidden=128 | layers=2 | dropout=0.453 | lr=0.00990 | batch=32 | ablation[dwt=True, bi=True]
[2026-06-07 16:35:53] [INFO]  i:T-45 | ind 2 (C) | wavelet=sym6 | level=3 | mode=zero | look_back=95 | hidden=120 | layers=3 | dropout=0.418 | lr=0.01000 | batch=32 | ablation[dwt=True, bi=True]
[2026-06-07 16:35:53] [INFO]  i:T-45 | ind 4 (C) | wavelet=sym6 | level=3 | mode=zero | look_back=95 | hidden=120 | layers=2 | dropout=0.488 | lr=0.01000 | batch=32 | ablation[dwt=True, bi=True]
[2026-06-07 16:35:53] [INFO]  i:T-45 | ind 3 (C) | wavelet=sym6 | level=3 | mode=zero | look_back=94 | hidden=125 | layers=2 | dropout=0.411 | lr=0.00978 | batch=32 | ablation[dwt=True, bi=True]
[2026-06-07 16:35:53] [INFO]  i:T-45 | ind 5 (C) | wavelet=sym6 | level=3 | mode=zero | look_back=95 | hidden=135 | layers=2 | dropout=0.425 | lr=0.00991 | batch=32 | ablation[dwt=True, bi=True]
[2026-06-07 16:35:53] [INFO]  i:T-45 | ind 6 (C) | wavelet=sym6 | level=3 | mode=zero | look_back=96 | hidden=134 | layers=2 | dropout=0.415 | lr=0.00998 | batch=32 | ablation[dwt=True, bi=True]
[2026-06-07 16:35:53] [INFO]  i:T-45 | ind 7 (C) | wavelet=sym6 | level=3 | mode=zero | look_back=96 | hidden=115 | layers=2 | dropout=0.453 | lr=0.00990 | batch=32 | ablation[dwt=True, bi=True]
[2026-06-07 16:35:53] [INFO]  i:T-45 | ind 8 (C) | wavelet=sym6 | level=3 | mode=zero | look_back=96 | hidden=162 | layers=3 | dropout=0.422 | lr=0.00990 | batch=32 | ablation[dwt=True, bi=True]
[2026-06-07 16:35:53] [INFO]  i:T-45 | ind 11 (C) | wavelet=sym6 | level=3 | mode=zero | look_back=93 | hidden=123 | layers=2 | dropout=0.422 | lr=0.00989 | batch=32 | ablation[dwt=True, bi=True]
[2026-06-07 16:35:53] [INFO]  i:T-45 | ind 12 (C) | wavelet=sym6 | level=3 | mode=zero | look_back=96 | hidden=128 | layers=2 | dropout=0.453 | lr=0.00990 | batch=32 | ablation[dwt=True, bi=True]
[2026-06-07 16:35:53] [INFO]  i:T-45 | ind 14 (C) | wavelet=sym6 | level=3 | mode=zero | look_back=96 | hidden=167 | layers=2 | dropout=0.422 | lr=0.00990 | batch=32 | ablation[dwt=True, bi=True]
[2026-06-07 16:35:53] [INFO]  i:T-45 | ind 9 (C) | wavelet=sym6 | level=3 | mode=zero | look_back=96 | hidden=128 | layers=3 | dropout=0.490 | lr=0.00923 | batch=32 | ablation[dwt=True, bi=True]
[2026-06-07 16:35:53] [INFO]  i:T-45 | ind 10 (C) | wavelet=sym6 | level=3 | mode=zero | look_back=95 | hidden=128 | layers=2 | dropout=0.489 | lr=0.00938 | batch=32 | ablation[dwt=True, bi=True]
[2026-06-07 16:35:53] [INFO]  i:T-45 | ind 16 (C) | wavelet=sym6 | level=3 | mode=zero | look_back=96 | hidden=128 | layers=2 | dropout=0.453 | lr=0.00554 | batch=32 | ablation[dwt=True, bi=True]
[2026-06-07 16:35:53] [INFO]  i:T-45 | ind 19 (C) | wavelet=sym6 | level=3 | mode=zero | look_back=95 | hidden=134 | layers=2 | dropout=0.486 | lr=0.00991 | batch=32 | ablation[dwt=True, bi=True]
[2026-06-07 16:35:53] [INFO]  i:T-45 | ind 13 (C) | wavelet=sym6 | level=3 | mode=zero | look_back=92 | hidden=128 | layers=3 | dropout=0.391 | lr=0.00789 | batch=32 | ablation[dwt=True, bi=True]
[2026-06-07 16:35:53] [INFO]  i:T-45 | ind 18 (C) | wavelet=sym6 | level=3 | mode=zero | look_back=96 | hidden=133 | layers=2 | dropout=0.469 | lr=0.01000 | batch=32 | ablation[dwt=True, bi=True]
[2026-06-07 16:35:53] [INFO]  i:T-45 | ind 20 (C) | wavelet=sym6 | level=3 | mode=zero | look_back=95 | hidden=128 | layers=2 | dropout=0.419 | lr=0.00991 | batch=32 | ablation[dwt=True, bi=True]
[2026-06-07 16:35:53] [INFO]  i:T-45 | ind 15 (C) | wavelet=sym6 | level=3 | mode=zero | look_back=95 | hidden=120 | layers=2 | dropout=0.426 | lr=0.00989 | batch=32 | ablation[dwt=True, bi=True]
[2026-06-07 16:35:53] [INFO]  i:T-45 | ind 17 (C) | wavelet=sym6 | level=3 | mode=zero | look_back=95 | hidden=128 | layers=3 | dropout=0.415 | lr=0.00990 | batch=32 | ablation[dwt=True, bi=True]
[2026-06-07 16:35:53] [INFO]  i:T-45 | ind 21 (C) | wavelet=sym6 | level=3 | mode=zero | look_back=94 | hidden=125 | layers=2 | dropout=0.411 | lr=0.01000 | batch=32 | ablation[dwt=True, bi=True]
[2026-06-07 16:35:53] [INFO]  i:T-45 | ind 22 (C) | wavelet=sym6 | level=3 | mode=zero | look_back=96 | hidden=122 | layers=3 | dropout=0.472 | lr=0.00923 | batch=32 | ablation[dwt=True, bi=True]
[2026-06-07 16:35:53] [INFO]  i:T-45 | ind 23 (C) | wavelet=sym6 | level=3 | mode=zero | look_back=92 | hidden=114 | layers=2 | dropout=0.453 | lr=0.00990 | batch=32 | ablation[dwt=True, bi=True]
[2026-06-07 16:35:53] [INFO]  i:T-45 | ind 24 (C) | wavelet=sym6 | level=3 | mode=zero | look_back=92 | hidden=112 | layers=2 | dropout=0.187 | lr=0.00922 | batch=32 | ablation[dwt=True, bi=True]
[2026-06-07 16:35:53] [INFO]  i:T-45 | ind 25 (C) | wavelet=sym6 | level=3 | mode=zero | look_back=94 | hidden=105 | layers=3 | dropout=0.455 | lr=0.00990 | batch=32 | ablation[dwt=True, bi=True]
[2026-06-07 16:35:53] [INFO]  i:T-45 | ind 26 (C) | wavelet=sym6 | level=3 | mode=zero | look_back=96 | hidden=134 | layers=2 | dropout=0.452 | lr=0.00998 | batch=32 | ablation[dwt=True, bi=True]
[2026-06-07 16:35:53] [INFO]  i:T-45 | ind 27 (C) | wavelet=sym6 | level=3 | mode=zero | look_back=94 | hidden=105 | layers=3 | dropout=0.455 | lr=0.00991 | batch=32 | ablation[dwt=True, bi=True]
[2026-06-07 16:35:53] [INFO]  i:T-45 | ind 28 (C) | wavelet=sym6 | level=3 | mode=zero | look_back=96 | hidden=128 | layers=2 | dropout=0.416 | lr=0.00990 | batch=32 | ablation[dwt=True, bi=True]
[2026-06-07 16:35:53] [INFO]  i:T-45 | ind 29 (C) | wavelet=sym6 | level=3 | mode=zero | look_back=95 | hidden=128 | layers=2 | dropout=0.422 | lr=0.01000 | batch=32 | ablation[dwt=True, bi=True]
[2026-06-07 16:35:53] [INFO]  i:T-45 | ind 30 (C) | wavelet=sym6 | level=3 | mode=zero | look_back=93 | hidden=95 | layers=3 | dropout=0.417 | lr=0.00987 | batch=32 | ablation[dwt=True, bi=True]
[2026-06-07 16:35:53] [INFO]  i:T-45 | ind 31 (C) | wavelet=sym6 | level=3 | mode=zero | look_back=96 | hidden=128 | layers=2 | dropout=0.453 | lr=0.00990 | batch=32 | ablation[dwt=True, bi=True]
[2026-06-07 16:35:53] [INFO]  i:T-45 | ind 32 (C) | wavelet=sym6 | level=3 | mode=zero | look_back=96 | hidden=115 | layers=3 | dropout=0.453 | lr=0.00996 | batch=32 | ablation[dwt=True, bi=True]
[2026-06-07 16:35:53] [INFO]  i:T-45 | ind 33 (C) | wavelet=sym6 | level=3 | mode=zero | look_back=93 | hidden=128 | layers=2 | dropout=0.489 | lr=0.00991 | batch=32 | ablation[dwt=True, bi=True]
[2026-06-07 16:35:53] [INFO]  i:T-45 | ind 34 (C) | wavelet=sym6 | level=3 | mode=zero | look_back=96 | hidden=128 | layers=2 | dropout=0.453 | lr=0.00465 | batch=32 | ablation[dwt=True, bi=True]
[2026-06-07 16:40:25] [INFO]  i:T-45 | ind 35 (C) | wavelet=sym6 | level=3 | mode=zero | look_back=96 | hidden=128 | layers=3 | dropout=0.453 | lr=0.00990 | batch=32 | ablation[dwt=True, bi=True]
[2026-06-07 16:40:59] [INFO]  i:T-45 | ind 36 (C) | wavelet=sym6 | level=3 | mode=zero | look_back=95 | hidden=128 | layers=2 | dropout=0.489 | lr=0.00991 | batch=32 | ablation[dwt=True, bi=True]
[2026-06-07 16:41:38] [INFO]  i:T-45 | ind 37 (C) | wavelet=sym6 | level=3 | mode=zero | look_back=92 | hidden=115 | layers=3 | dropout=0.453 | lr=0.00996 | batch=32 | ablation[dwt=True, bi=True]
[2026-06-07 16:41:47] [INFO]  i:T-45 | ind 38 (C) | wavelet=sym6 | level=3 | mode=zero | look_back=95 | hidden=132 | layers=2 | dropout=0.415 | lr=0.01000 | batch=32 | ablation[dwt=True, bi=True]
[2026-06-07 16:41:52] [INFO]  i:T-45 | ind 39 (C) | wavelet=sym6 | level=3 | mode=zero | look_back=92 | hidden=128 | layers=3 | dropout=0.407 | lr=0.00795 | batch=32 | ablation[dwt=True, bi=True]
[2026-06-07 16:59:01] [OPT.GA] [INFO] 
[GEN 46] Best: 0.061134 | Duration: 1399.4s | Improvements: 24/40
[2026-06-07 16:59:01] [OPT.GA] [INFO] 
============================================================
[2026-06-07 16:59:01] [OPT.GA] [INFO] GENERATION 47/50
[2026-06-07 16:59:06] [INFO]  i:T-46 | ind 0 (C) | wavelet=sym6 | level=3 | mode=zero | look_back=96 | hidden=128 | layers=2 | dropout=0.422 | lr=0.00990 | batch=32 | ablation[dwt=True, bi=True]
[2026-06-07 16:59:06] [INFO]  i:T-46 | ind 1 (C) | wavelet=sym6 | level=3 | mode=zero | look_back=93 | hidden=123 | layers=2 | dropout=0.422 | lr=0.00989 | batch=32 | ablation[dwt=True, bi=True]
[2026-06-07 16:59:06] [INFO]  i:T-46 | ind 2 (C) | wavelet=sym6 | level=3 | mode=zero | look_back=96 | hidden=134 | layers=2 | dropout=0.486 | lr=0.00998 | batch=32 | ablation[dwt=True, bi=True]
[2026-06-07 16:59:06] [INFO]  i:T-46 | ind 3 (C) | wavelet=sym6 | level=3 | mode=zero | look_back=96 | hidden=129 | layers=3 | dropout=0.477 | lr=0.00990 | batch=32 | ablation[dwt=True, bi=True]
[2026-06-07 16:59:06] [INFO]  i:T-46 | ind 4 (C) | wavelet=sym6 | level=3 | mode=zero | look_back=95 | hidden=120 | layers=2 | dropout=0.426 | lr=0.00989 | batch=32 | ablation[dwt=True, bi=True]
[2026-06-07 16:59:06] [INFO]  i:T-46 | ind 5 (C) | wavelet=sym6 | level=3 | mode=zero | look_back=96 | hidden=120 | layers=2 | dropout=0.497 | lr=0.01000 | batch=32 | ablation[dwt=True, bi=True]
[2026-06-07 16:59:06] [INFO]  i:T-46 | ind 6 (C) | wavelet=sym6 | level=3 | mode=zero | look_back=93 | hidden=128 | layers=2 | dropout=0.486 | lr=0.00991 | batch=32 | ablation[dwt=True, bi=True]
[2026-06-07 16:59:06] [INFO]  i:T-46 | ind 7 (C) | wavelet=sym6 | level=3 | mode=zero | look_back=93 | hidden=123 | layers=2 | dropout=0.422 | lr=0.00733 | batch=32 | ablation[dwt=True, bi=True]
[2026-06-07 16:59:06] [INFO]  i:T-46 | ind 8 (C) | wavelet=sym6 | level=3 | mode=zero | look_back=93 | hidden=128 | layers=2 | dropout=0.416 | lr=0.00999 | batch=32 | ablation[dwt=True, bi=True]
[2026-06-07 16:59:06] [INFO]  i:T-46 | ind 9 (C) | wavelet=sym6 | level=3 | mode=zero | look_back=89 | hidden=128 | layers=2 | dropout=0.488 | lr=0.00991 | batch=32 | ablation[dwt=True, bi=True]
[2026-06-07 16:59:07] [INFO]  i:T-46 | ind 10 (C) | wavelet=sym6 | level=3 | mode=zero | look_back=92 | hidden=115 | layers=2 | dropout=0.452 | lr=0.00998 | batch=32 | ablation[dwt=True, bi=True]
[2026-06-07 16:59:07] [INFO]  i:T-46 | ind 11 (C) | wavelet=sym6 | level=3 | mode=zero | look_back=95 | hidden=134 | layers=2 | dropout=0.424 | lr=0.00991 | batch=32 | ablation[dwt=True, bi=True]
[2026-06-07 16:59:07] [INFO]  i:T-46 | ind 12 (C) | wavelet=sym6 | level=3 | mode=zero | look_back=95 | hidden=119 | layers=2 | dropout=0.488 | lr=0.01000 | batch=32 | ablation[dwt=True, bi=True]
[2026-06-07 16:59:07] [INFO]  i:T-46 | ind 13 (C) | wavelet=sym6 | level=3 | mode=zero | look_back=94 | hidden=105 | layers=3 | dropout=0.436 | lr=0.00990 | batch=32 | ablation[dwt=True, bi=True]
[2026-06-07 16:59:07] [INFO]  i:T-46 | ind 14 (C) | wavelet=sym6 | level=3 | mode=zero | look_back=92 | hidden=128 | layers=3 | dropout=0.429 | lr=0.00996 | batch=32 | ablation[dwt=True, bi=True]
[2026-06-07 16:59:07] [INFO]  i:T-46 | ind 15 (C) | wavelet=sym6 | level=3 | mode=zero | look_back=94 | hidden=134 | layers=2 | dropout=0.411 | lr=0.00978 | batch=32 | ablation[dwt=True, bi=True]
[2026-06-07 16:59:07] [INFO]  i:T-46 | ind 16 (C) | wavelet=sym6 | level=3 | mode=zero | look_back=96 | hidden=128 | layers=2 | dropout=0.453 | lr=0.00465 | batch=32 | ablation[dwt=True, bi=True]
[2026-06-07 16:59:07] [INFO]  i:T-46 | ind 17 (C) | wavelet=sym6 | level=3 | mode=zero | look_back=95 | hidden=127 | layers=2 | dropout=0.489 | lr=0.00996 | batch=32 | ablation[dwt=True, bi=True]
[2026-06-07 16:59:07] [INFO]  i:T-46 | ind 18 (C) | wavelet=sym6 | level=3 | mode=zero | look_back=95 | hidden=128 | layers=3 | dropout=0.489 | lr=0.00991 | batch=32 | ablation[dwt=True, bi=True]
[2026-06-07 16:59:07] [INFO]  i:T-46 | ind 19 (C) | wavelet=sym6 | level=3 | mode=zero | look_back=93 | hidden=134 | layers=2 | dropout=0.415 | lr=0.00990 | batch=32 | ablation[dwt=True, bi=True]
[2026-06-07 16:59:07] [INFO]  i:T-46 | ind 20 (C) | wavelet=sym6 | level=3 | mode=zero | look_back=92 | hidden=128 | layers=2 | dropout=0.422 | lr=0.01000 | batch=32 | ablation[dwt=True, bi=True]
[2026-06-07 16:59:07] [INFO]  i:T-46 | ind 21 (C) | wavelet=sym6 | level=3 | mode=zero | look_back=95 | hidden=134 | layers=2 | dropout=0.488 | lr=0.00991 | batch=32 | ablation[dwt=True, bi=True]
[2026-06-07 16:59:07] [INFO]  i:T-46 | ind 22 (C) | wavelet=sym6 | level=3 | mode=zero | look_back=95 | hidden=134 | layers=2 | dropout=0.422 | lr=0.00991 | batch=32 | ablation[dwt=True, bi=True]
[2026-06-07 16:59:07] [INFO]  i:T-46 | ind 23 (C) | wavelet=sym6 | level=3 | mode=zero | look_back=95 | hidden=128 | layers=2 | dropout=0.422 | lr=0.01000 | batch=32 | ablation[dwt=True, bi=True]
[2026-06-07 16:59:07] [INFO]  i:T-46 | ind 24 (C) | wavelet=sym6 | level=3 | mode=zero | look_back=90 | hidden=123 | layers=2 | dropout=0.488 | lr=0.00864 | batch=32 | ablation[dwt=True, bi=True]
[2026-06-07 16:59:07] [INFO]  i:T-46 | ind 25 (C) | wavelet=sym6 | level=3 | mode=zero | look_back=95 | hidden=128 | layers=2 | dropout=0.453 | lr=0.00554 | batch=32 | ablation[dwt=True, bi=True]
[2026-06-07 16:59:07] [INFO]  i:T-46 | ind 26 (C) | wavelet=sym6 | level=3 | mode=zero | look_back=96 | hidden=105 | layers=3 | dropout=0.455 | lr=0.00990 | batch=32 | ablation[dwt=True, bi=True]
[2026-06-07 16:59:07] [INFO]  i:T-46 | ind 27 (C) | wavelet=sym6 | level=3 | mode=zero | look_back=94 | hidden=104 | layers=3 | dropout=0.455 | lr=0.00990 | batch=32 | ablation[dwt=True, bi=True]
[2026-06-07 16:59:07] [INFO]  i:T-46 | ind 28 (C) | wavelet=sym6 | level=3 | mode=zero | look_back=95 | hidden=128 | layers=2 | dropout=0.453 | lr=0.00554 | batch=32 | ablation[dwt=True, bi=True]
[2026-06-07 16:59:07] [INFO]  i:T-46 | ind 29 (C) | wavelet=sym6 | level=3 | mode=zero | look_back=93 | hidden=143 | layers=2 | dropout=0.422 | lr=0.00989 | batch=32 | ablation[dwt=True, bi=True]
[2026-06-07 16:59:07] [INFO]  i:T-46 | ind 30 (C) | wavelet=sym6 | level=3 | mode=zero | look_back=92 | hidden=105 | layers=3 | dropout=0.453 | lr=0.00996 | batch=32 | ablation[dwt=True, bi=True]
[2026-06-07 16:59:07] [INFO]  i:T-46 | ind 31 (C) | wavelet=sym6 | level=3 | mode=zero | look_back=93 | hidden=120 | layers=2 | dropout=0.426 | lr=0.00989 | batch=32 | ablation[dwt=True, bi=True]
[2026-06-07 16:59:07] [INFO]  i:T-46 | ind 32 (C) | wavelet=sym6 | level=3 | mode=zero | look_back=93 | hidden=123 | layers=2 | dropout=0.422 | lr=0.00989 | batch=32 | ablation[dwt=True, bi=True]
[2026-06-07 16:59:07] [INFO]  i:T-46 | ind 33 (C) | wavelet=sym6 | level=3 | mode=zero | look_back=96 | hidden=128 | layers=3 | dropout=0.428 | lr=0.00999 | batch=32 | ablation[dwt=True, bi=True]
[2026-06-07 16:59:07] [INFO]  i:T-46 | ind 34 (C) | wavelet=sym6 | level=3 | mode=zero | look_back=95 | hidden=128 | layers=2 | dropout=0.489 | lr=0.00938 | batch=32 | ablation[dwt=True, bi=True]
[2026-06-07 17:03:24] [INFO]  i:T-46 | ind 35 (C) | wavelet=sym6 | level=3 | mode=zero | look_back=95 | hidden=138 | layers=2 | dropout=0.417 | lr=0.00987 | batch=32 | ablation[dwt=True, bi=True]
[2026-06-07 17:03:49] [INFO]  i:T-46 | ind 36 (C) | wavelet=sym6 | level=3 | mode=zero | look_back=92 | hidden=112 | layers=2 | dropout=0.168 | lr=0.00922 | batch=32 | ablation[dwt=True, bi=True]
[2026-06-07 17:04:03] [INFO]  i:T-46 | ind 37 (C) | wavelet=sym6 | level=3 | mode=zero | look_back=93 | hidden=123 | layers=2 | dropout=0.422 | lr=0.00990 | batch=32 | ablation[dwt=True, bi=True]
[2026-06-07 17:04:13] [INFO]  i:T-46 | ind 38 (C) | wavelet=sym6 | level=3 | mode=zero | look_back=95 | hidden=120 | layers=2 | dropout=0.488 | lr=0.01000 | batch=32 | ablation[dwt=True, bi=True]
[2026-06-07 17:04:28] [INFO]  i:T-46 | ind 39 (C) | wavelet=sym6 | level=3 | mode=zero | look_back=96 | hidden=128 | layers=3 | dropout=0.453 | lr=0.00990 | batch=32 | ablation[dwt=True, bi=True]
[2026-06-07 17:17:04] [OPT.GA] [INFO] 
[GEN 47] Best: 0.061134 | Duration: 1083.2s | Improvements: 20/40
[2026-06-07 17:17:04] [OPT.GA] [INFO] 
============================================================
[2026-06-07 17:17:04] [OPT.GA] [INFO] GENERATION 48/50
[2026-06-07 17:17:12] [INFO]  i:T-47 | ind 1 (C) | wavelet=sym6 | level=3 | mode=zero | look_back=95 | hidden=119 | layers=2 | dropout=0.488 | lr=0.01000 | batch=32 | ablation[dwt=True, bi=True]
[2026-06-07 17:17:12] [INFO]  i:T-47 | ind 0 (C) | wavelet=sym6 | level=3 | mode=zero | look_back=93 | hidden=143 | layers=2 | dropout=0.422 | lr=0.00989 | batch=32 | ablation[dwt=True, bi=True]
[2026-06-07 17:17:12] [INFO]  i:T-47 | ind 2 (C) | wavelet=sym6 | level=3 | mode=zero | look_back=96 | hidden=161 | layers=2 | dropout=0.422 | lr=0.00990 | batch=32 | ablation[dwt=True, bi=True]
[2026-06-07 17:17:12] [INFO]  i:T-47 | ind 4 (C) | wavelet=sym6 | level=3 | mode=zero | look_back=96 | hidden=120 | layers=3 | dropout=0.496 | lr=0.01000 | batch=32 | ablation[dwt=True, bi=True]
[2026-06-07 17:17:12] [INFO]  i:T-47 | ind 5 (C) | wavelet=sym6 | level=3 | mode=zero | look_back=95 | hidden=119 | layers=2 | dropout=0.427 | lr=0.01000 | batch=32 | ablation[dwt=True, bi=True]
[2026-06-07 17:17:12] [INFO]  i:T-47 | ind 3 (C) | wavelet=sym6 | level=3 | mode=zero | look_back=94 | hidden=128 | layers=2 | dropout=0.453 | lr=0.00990 | batch=32 | ablation[dwt=True, bi=True]
[2026-06-07 17:17:12] [INFO]  i:T-47 | ind 6 (C) | wavelet=sym6 | level=3 | mode=zero | look_back=92 | hidden=112 | layers=2 | dropout=0.183 | lr=0.00787 | batch=32 | ablation[dwt=True, bi=True]
[2026-06-07 17:17:12] [INFO]  i:T-47 | ind 7 (C) | wavelet=sym6 | level=3 | mode=zero | look_back=93 | hidden=143 | layers=2 | dropout=0.422 | lr=0.00989 | batch=32 | ablation[dwt=True, bi=True]
[2026-06-07 17:17:12] [INFO]  i:T-47 | ind 8 (C) | wavelet=sym6 | level=3 | mode=zero | look_back=95 | hidden=113 | layers=2 | dropout=0.422 | lr=0.00991 | batch=32 | ablation[dwt=True, bi=True]
[2026-06-07 17:17:12] [INFO]  i:T-47 | ind 9 (C) | wavelet=sym6 | level=3 | mode=zero | look_back=96 | hidden=128 | layers=3 | dropout=0.497 | lr=0.01000 | batch=32 | ablation[dwt=True, bi=True]
[2026-06-07 17:17:12] [INFO]  i:T-47 | ind 10 (C) | wavelet=sym6 | level=3 | mode=zero | look_back=94 | hidden=105 | layers=3 | dropout=0.439 | lr=0.00963 | batch=32 | ablation[dwt=True, bi=True]
[2026-06-07 17:17:12] [INFO]  i:T-47 | ind 11 (C) | wavelet=sym6 | level=3 | mode=zero | look_back=95 | hidden=120 | layers=2 | dropout=0.488 | lr=0.01000 | batch=32 | ablation[dwt=True, bi=True]
[2026-06-07 17:17:12] [INFO]  i:T-47 | ind 12 (C) | wavelet=sym6 | level=3 | mode=zero | look_back=95 | hidden=128 | layers=2 | dropout=0.453 | lr=0.00401 | batch=32 | ablation[dwt=True, bi=True]
[2026-06-07 17:17:12] [INFO]  i:T-47 | ind 14 (C) | wavelet=sym6 | level=3 | mode=zero | look_back=93 | hidden=143 | layers=2 | dropout=0.422 | lr=0.00989 | batch=32 | ablation[dwt=True, bi=True]
[2026-06-07 17:17:12] [INFO]  i:T-47 | ind 13 (C) | wavelet=sym6 | level=3 | mode=zero | look_back=93 | hidden=143 | layers=2 | dropout=0.488 | lr=0.00989 | batch=32 | ablation[dwt=True, bi=True]
[2026-06-07 17:17:12] [INFO]  i:T-47 | ind 15 (C) | wavelet=sym6 | level=3 | mode=zero | look_back=94 | hidden=119 | layers=2 | dropout=0.421 | lr=0.00991 | batch=32 | ablation[dwt=True, bi=True]
[2026-06-07 17:17:12] [INFO]  i:T-47 | ind 16 (C) | wavelet=sym6 | level=3 | mode=zero | look_back=93 | hidden=143 | layers=2 | dropout=0.422 | lr=0.00921 | batch=32 | ablation[dwt=True, bi=True]
[2026-06-07 17:17:12] [INFO]  i:T-47 | ind 17 (C) | wavelet=sym6 | level=3 | mode=zero | look_back=96 | hidden=120 | layers=2 | dropout=0.497 | lr=0.01000 | batch=32 | ablation[dwt=True, bi=True]
[2026-06-07 17:17:12] [INFO]  i:T-47 | ind 18 (C) | wavelet=sym6 | level=3 | mode=zero | look_back=90 | hidden=104 | layers=2 | dropout=0.455 | lr=0.00990 | batch=32 | ablation[dwt=True, bi=True]
[2026-06-07 17:17:12] [INFO]  i:T-47 | ind 19 (C) | wavelet=sym6 | level=3 | mode=zero | look_back=92 | hidden=134 | layers=3 | dropout=0.429 | lr=0.00996 | batch=32 | ablation[dwt=True, bi=True]
[2026-06-07 17:17:12] [INFO]  i:T-47 | ind 20 (C) | wavelet=sym6 | level=3 | mode=zero | look_back=95 | hidden=120 | layers=2 | dropout=0.489 | lr=0.00991 | batch=32 | ablation[dwt=True, bi=True]
[2026-06-07 17:17:12] [INFO]  i:T-47 | ind 21 (C) | wavelet=sym6 | level=3 | mode=zero | look_back=96 | hidden=120 | layers=2 | dropout=0.497 | lr=0.00989 | batch=32 | ablation[dwt=True, bi=True]
[2026-06-07 17:17:12] [INFO]  i:T-47 | ind 22 (C) | wavelet=sym6 | level=3 | mode=zero | look_back=92 | hidden=139 | layers=3 | dropout=0.429 | lr=0.00996 | batch=32 | ablation[dwt=True, bi=True]
[2026-06-07 17:17:12] [INFO]  i:T-47 | ind 23 (C) | wavelet=sym6 | level=3 | mode=zero | look_back=94 | hidden=134 | layers=2 | dropout=0.409 | lr=0.00978 | batch=32 | ablation[dwt=True, bi=True]
[2026-06-07 17:17:12] [INFO]  i:T-47 | ind 24 (C) | wavelet=sym6 | level=3 | mode=zero | look_back=93 | hidden=119 | layers=2 | dropout=0.422 | lr=0.00990 | batch=32 | ablation[dwt=True, bi=True]
[2026-06-07 17:17:12] [INFO]  i:T-47 | ind 25 (C) | wavelet=sym6 | level=3 | mode=zero | look_back=92 | hidden=112 | layers=2 | dropout=0.164 | lr=0.00922 | batch=32 | ablation[dwt=True, bi=True]
[2026-06-07 17:17:12] [INFO]  i:T-47 | ind 26 (C) | wavelet=sym6 | level=3 | mode=zero | look_back=95 | hidden=128 | layers=2 | dropout=0.417 | lr=0.00987 | batch=32 | ablation[dwt=True, bi=True]
[2026-06-07 17:17:12] [INFO]  i:T-47 | ind 27 (C) | wavelet=sym6 | level=3 | mode=zero | look_back=96 | hidden=117 | layers=3 | dropout=0.477 | lr=0.00990 | batch=32 | ablation[dwt=True, bi=True]
[2026-06-07 17:17:12] [INFO]  i:T-47 | ind 28 (C) | wavelet=sym6 | level=3 | mode=zero | look_back=95 | hidden=128 | layers=3 | dropout=0.488 | lr=0.01000 | batch=32 | ablation[dwt=True, bi=True]
[2026-06-07 17:17:12] [INFO]  i:T-47 | ind 29 (C) | wavelet=sym6 | level=3 | mode=zero | look_back=95 | hidden=128 | layers=3 | dropout=0.489 | lr=0.00991 | batch=32 | ablation[dwt=True, bi=True]
[2026-06-07 17:17:12] [INFO]  i:T-47 | ind 30 (C) | wavelet=sym6 | level=3 | mode=zero | look_back=93 | hidden=143 | layers=2 | dropout=0.423 | lr=0.00989 | batch=32 | ablation[dwt=True, bi=True]
[2026-06-07 17:17:12] [INFO]  i:T-47 | ind 31 (C) | wavelet=sym6 | level=3 | mode=zero | look_back=94 | hidden=134 | layers=2 | dropout=0.411 | lr=0.00978 | batch=32 | ablation[dwt=True, bi=True]
[2026-06-07 17:17:12] [INFO]  i:T-47 | ind 32 (C) | wavelet=sym6 | level=3 | mode=zero | look_back=95 | hidden=138 | layers=2 | dropout=0.417 | lr=0.00669 | batch=32 | ablation[dwt=True, bi=True]
[2026-06-07 17:17:12] [INFO]  i:T-47 | ind 33 (C) | wavelet=sym6 | level=3 | mode=zero | look_back=93 | hidden=120 | layers=2 | dropout=0.427 | lr=0.00566 | batch=32 | ablation[dwt=True, bi=True]
[2026-06-07 17:17:12] [INFO]  i:T-47 | ind 34 (C) | wavelet=sym6 | level=3 | mode=zero | look_back=93 | hidden=123 | layers=2 | dropout=0.426 | lr=0.00990 | batch=32 | ablation[dwt=True, bi=True]
[2026-06-07 17:21:59] [INFO]  i:T-47 | ind 35 (C) | wavelet=sym6 | level=3 | mode=zero | look_back=93 | hidden=125 | layers=2 | dropout=0.486 | lr=0.00991 | batch=32 | ablation[dwt=True, bi=True]
[2026-06-07 17:22:19] [INFO]  i:T-47 | ind 36 (C) | wavelet=sym6 | level=3 | mode=zero | look_back=93 | hidden=128 | layers=2 | dropout=0.423 | lr=0.00991 | batch=32 | ablation[dwt=True, bi=True]
[2026-06-07 17:22:23] [INFO]  i:T-47 | ind 37 (C) | wavelet=sym6 | level=3 | mode=zero | look_back=94 | hidden=105 | layers=3 | dropout=0.436 | lr=0.00991 | batch=32 | ablation[dwt=True, bi=True]
[2026-06-07 17:22:33] [INFO]  i:T-47 | ind 38 (C) | wavelet=sym6 | level=3 | mode=zero | look_back=95 | hidden=130 | layers=2 | dropout=0.421 | lr=0.00991 | batch=32 | ablation[dwt=True, bi=True]
[2026-06-07 17:22:43] [INFO]  i:T-47 | ind 39 (C) | wavelet=sym6 | level=3 | mode=zero | look_back=96 | hidden=128 | layers=3 | dropout=0.454 | lr=0.00990 | batch=32 | ablation[dwt=True, bi=True]
[2026-06-07 17:34:03] [OPT.GA] [INFO] 
[GEN 48] Best: 0.061134 | Duration: 1018.3s | Improvements: 19/40
[2026-06-07 17:34:03] [OPT.GA] [INFO] 
============================================================
[2026-06-07 17:34:03] [OPT.GA] [INFO] GENERATION 49/50
[2026-06-07 17:34:08] [INFO]  i:T-48 | ind 0 (C) | wavelet=sym6 | level=3 | mode=zero | look_back=93 | hidden=143 | layers=2 | dropout=0.488 | lr=0.00989 | batch=32 | ablation[dwt=True, bi=True]
[2026-06-07 17:34:08] [INFO]  i:T-48 | ind 1 (C) | wavelet=sym6 | level=3 | mode=zero | look_back=95 | hidden=120 | layers=2 | dropout=0.488 | lr=0.01000 | batch=32 | ablation[dwt=True, bi=True]
[2026-06-07 17:34:08] [INFO]  i:T-48 | ind 2 (C) | wavelet=sym6 | level=3 | mode=zero | look_back=95 | hidden=120 | layers=3 | dropout=0.488 | lr=0.00711 | batch=32 | ablation[dwt=True, bi=True]
[2026-06-07 17:34:08] [INFO]  i:T-48 | ind 3 (C) | wavelet=sym6 | level=3 | mode=zero | look_back=95 | hidden=128 | layers=3 | dropout=0.488 | lr=0.01000 | batch=32 | ablation[dwt=True, bi=True]
[2026-06-07 17:34:08] [INFO]  i:T-48 | ind 4 (C) | wavelet=sym6 | level=3 | mode=zero | look_back=93 | hidden=126 | layers=2 | dropout=0.423 | lr=0.00991 | batch=32 | ablation[dwt=True, bi=True]
[2026-06-07 17:34:08] [INFO]  i:T-48 | ind 5 (C) | wavelet=sym6 | level=3 | mode=zero | look_back=96 | hidden=161 | layers=2 | dropout=0.422 | lr=0.00923 | batch=32 | ablation[dwt=True, bi=True]
[2026-06-07 17:34:08] [INFO]  i:T-48 | ind 6 (C) | wavelet=sym6 | level=3 | mode=zero | look_back=95 | hidden=128 | layers=3 | dropout=0.488 | lr=0.00997 | batch=32 | ablation[dwt=True, bi=True]
[2026-06-07 17:34:08] [INFO]  i:T-48 | ind 7 (C) | wavelet=sym6 | level=3 | mode=zero | look_back=94 | hidden=143 | layers=2 | dropout=0.488 | lr=0.00989 | batch=32 | ablation[dwt=True, bi=True]
[2026-06-07 17:34:08] [INFO]  i:T-48 | ind 8 (C) | wavelet=sym6 | level=3 | mode=zero | look_back=93 | hidden=134 | layers=2 | dropout=0.409 | lr=0.00978 | batch=32 | ablation[dwt=True, bi=True]
[2026-06-07 17:34:08] [INFO]  i:T-48 | ind 9 (C) | wavelet=sym6 | level=3 | mode=zero | look_back=95 | hidden=115 | layers=2 | dropout=0.453 | lr=0.00990 | batch=32 | ablation[dwt=True, bi=True]
[2026-06-07 17:34:08] [INFO]  i:T-48 | ind 10 (C) | wavelet=sym6 | level=3 | mode=zero | look_back=95 | hidden=121 | layers=2 | dropout=0.422 | lr=0.01000 | batch=32 | ablation[dwt=True, bi=True]
[2026-06-07 17:34:08] [INFO]  i:T-48 | ind 11 (C) | wavelet=sym6 | level=3 | mode=zero | look_back=96 | hidden=119 | layers=2 | dropout=0.497 | lr=0.00991 | batch=32 | ablation[dwt=True, bi=True]
[2026-06-07 17:34:08] [INFO]  i:T-48 | ind 12 (C) | wavelet=sym6 | level=3 | mode=zero | look_back=92 | hidden=112 | layers=2 | dropout=0.180 | lr=0.00787 | batch=32 | ablation[dwt=True, bi=True]
[2026-06-07 17:34:08] [INFO]  i:T-48 | ind 13 (C) | wavelet=sym6 | level=3 | mode=zero | look_back=94 | hidden=105 | layers=3 | dropout=0.463 | lr=0.00991 | batch=32 | ablation[dwt=True, bi=True]
[2026-06-07 17:34:08] [INFO]  i:T-48 | ind 14 (C) | wavelet=sym6 | level=3 | mode=zero | look_back=93 | hidden=143 | layers=2 | dropout=0.423 | lr=0.00989 | batch=32 | ablation[dwt=True, bi=True]
[2026-06-07 17:34:08] [INFO]  i:T-48 | ind 15 (C) | wavelet=sym6 | level=3 | mode=zero | look_back=94 | hidden=118 | layers=3 | dropout=0.477 | lr=0.00989 | batch=32 | ablation[dwt=True, bi=True]
[2026-06-07 17:34:08] [INFO]  i:T-48 | ind 16 (C) | wavelet=sym6 | level=3 | mode=zero | look_back=96 | hidden=161 | layers=2 | dropout=0.488 | lr=0.01000 | batch=32 | ablation[dwt=True, bi=True]
[2026-06-07 17:34:08] [INFO]  i:T-48 | ind 17 (C) | wavelet=sym6 | level=3 | mode=zero | look_back=95 | hidden=126 | layers=2 | dropout=0.417 | lr=0.00669 | batch=32 | ablation[dwt=True, bi=True]
[2026-06-07 17:34:08] [INFO]  i:T-48 | ind 18 (C) | wavelet=sym6 | level=3 | mode=zero | look_back=93 | hidden=112 | layers=2 | dropout=0.422 | lr=0.00990 | batch=32 | ablation[dwt=True, bi=True]
[2026-06-07 17:34:08] [INFO]  i:T-48 | ind 19 (C) | wavelet=sym6 | level=3 | mode=zero | look_back=93 | hidden=143 | layers=2 | dropout=0.488 | lr=0.00989 | batch=32 | ablation[dwt=True, bi=True]
[2026-06-07 17:34:08] [INFO]  i:T-48 | ind 20 (C) | wavelet=sym6 | level=3 | mode=zero | look_back=95 | hidden=134 | layers=3 | dropout=0.488 | lr=0.01000 | batch=32 | ablation[dwt=True, bi=True]
[2026-06-07 17:34:08] [INFO]  i:T-48 | ind 21 (C) | wavelet=sym6 | level=3 | mode=zero | look_back=93 | hidden=103 | layers=2 | dropout=0.440 | lr=0.00989 | batch=32 | ablation[dwt=True, bi=True]
[2026-06-07 17:34:08] [INFO]  i:T-48 | ind 22 (C) | wavelet=sym6 | level=3 | mode=zero | look_back=93 | hidden=119 | layers=2 | dropout=0.422 | lr=0.00990 | batch=32 | ablation[dwt=True, bi=True]
[2026-06-07 17:34:08] [INFO]  i:T-48 | ind 23 (C) | wavelet=sym6 | level=3 | mode=zero | look_back=95 | hidden=120 | layers=2 | dropout=0.486 | lr=0.01000 | batch=32 | ablation[dwt=True, bi=True]
[2026-06-07 17:34:08] [INFO]  i:T-48 | ind 24 (C) | wavelet=sym6 | level=3 | mode=zero | look_back=90 | hidden=104 | layers=2 | dropout=0.455 | lr=0.00990 | batch=32 | ablation[dwt=True, bi=True]
[2026-06-07 17:34:08] [INFO]  i:T-48 | ind 25 (C) | wavelet=sym6 | level=3 | mode=zero | look_back=90 | hidden=104 | layers=2 | dropout=0.447 | lr=0.00990 | batch=32 | ablation[dwt=True, bi=True]
[2026-06-07 17:34:08] [INFO]  i:T-48 | ind 26 (C) | wavelet=sym6 | level=3 | mode=zero | look_back=95 | hidden=130 | layers=2 | dropout=0.421 | lr=0.00994 | batch=32 | ablation[dwt=True, bi=True]
[2026-06-07 17:34:08] [INFO]  i:T-48 | ind 27 (C) | wavelet=sym6 | level=3 | mode=zero | look_back=95 | hidden=116 | layers=2 | dropout=0.419 | lr=0.00988 | batch=32 | ablation[dwt=True, bi=True]
[2026-06-07 17:34:08] [INFO]  i:T-48 | ind 28 (C) | wavelet=sym6 | level=3 | mode=zero | look_back=95 | hidden=120 | layers=2 | dropout=0.488 | lr=0.00705 | batch=32 | ablation[dwt=True, bi=True]
[2026-06-07 17:34:08] [INFO]  i:T-48 | ind 29 (C) | wavelet=sym6 | level=3 | mode=zero | look_back=95 | hidden=143 | layers=3 | dropout=0.492 | lr=0.01000 | batch=32 | ablation[dwt=True, bi=True]
[2026-06-07 17:34:09] [INFO]  i:T-48 | ind 30 (C) | wavelet=sym6 | level=3 | mode=zero | look_back=95 | hidden=120 | layers=2 | dropout=0.417 | lr=0.00671 | batch=32 | ablation[dwt=True, bi=True]
[2026-06-07 17:34:09] [INFO]  i:T-48 | ind 31 (C) | wavelet=sym6 | level=3 | mode=zero | look_back=94 | hidden=134 | layers=2 | dropout=0.409 | lr=0.00978 | batch=32 | ablation[dwt=True, bi=True]
[2026-06-07 17:34:09] [INFO]  i:T-48 | ind 32 (C) | wavelet=sym6 | level=3 | mode=zero | look_back=92 | hidden=112 | layers=2 | dropout=0.183 | lr=0.00787 | batch=32 | ablation[dwt=True, bi=True]
[2026-06-07 17:34:09] [INFO]  i:T-48 | ind 33 (C) | wavelet=sym6 | level=3 | mode=zero | look_back=95 | hidden=105 | layers=2 | dropout=0.485 | lr=0.00991 | batch=32 | ablation[dwt=True, bi=True]
[2026-06-07 17:34:09] [INFO]  i:T-48 | ind 34 (C) | wavelet=sym6 | level=3 | mode=zero | look_back=96 | hidden=116 | layers=3 | dropout=0.476 | lr=0.00991 | batch=32 | ablation[dwt=True, bi=True]
[2026-06-07 17:38:41] [INFO]  i:T-48 | ind 35 (C) | wavelet=sym6 | level=3 | mode=zero | look_back=93 | hidden=119 | layers=2 | dropout=0.422 | lr=0.00990 | batch=32 | ablation[dwt=True, bi=True]
[2026-06-07 17:39:17] [INFO]  i:T-48 | ind 36 (C) | wavelet=sym6 | level=3 | mode=zero | look_back=93 | hidden=119 | layers=2 | dropout=0.422 | lr=0.00834 | batch=32 | ablation[dwt=True, bi=True]
[2026-06-07 17:39:35] [INFO]  i:T-48 | ind 37 (C) | wavelet=sym6 | level=3 | mode=zero | look_back=93 | hidden=143 | layers=2 | dropout=0.423 | lr=0.00989 | batch=32 | ablation[dwt=True, bi=True]
[2026-06-07 17:39:40] [INFO]  i:T-48 | ind 38 (C) | wavelet=sym6 | level=3 | mode=zero | look_back=93 | hidden=143 | layers=3 | dropout=0.488 | lr=0.01000 | batch=32 | ablation[dwt=True, bi=True]
[2026-06-07 17:39:49] [INFO]  i:T-48 | ind 39 (C) | wavelet=sym6 | level=3 | mode=zero | look_back=95 | hidden=119 | layers=2 | dropout=0.422 | lr=0.00991 | batch=32 | ablation[dwt=True, bi=True]
[2026-06-07 18:16:59] [OPT.GA] [INFO] 
[GEN 49] Best: 0.061134 | Duration: 2575.8s | Improvements: 20/40
[2026-06-07 18:16:59] [OPT.GA] [INFO] 
============================================================
[2026-06-07 18:16:59] [OPT.GA] [INFO] GENERATION 50/50
[2026-06-07 18:17:05] [INFO]  i:T-49 | ind 0 (C) | wavelet=sym6 | level=3 | mode=zero | look_back=95 | hidden=120 | layers=2 | dropout=0.488 | lr=0.01000 | batch=32 | ablation[dwt=True, bi=True]
[2026-06-07 18:17:05] [INFO]  i:T-49 | ind 1 (C) | wavelet=sym6 | level=3 | mode=zero | look_back=92 | hidden=112 | layers=2 | dropout=0.180 | lr=0.00787 | batch=32 | ablation[dwt=True, bi=True]
[2026-06-07 18:17:05] [INFO]  i:T-49 | ind 2 (C) | wavelet=sym6 | level=3 | mode=zero | look_back=93 | hidden=119 | layers=2 | dropout=0.409 | lr=0.00979 | batch=32 | ablation[dwt=True, bi=True]
[2026-06-07 18:17:05] [INFO]  i:T-49 | ind 3 (C) | wavelet=sym6 | level=3 | mode=zero | look_back=93 | hidden=119 | layers=2 | dropout=0.422 | lr=0.00990 | batch=32 | ablation[dwt=True, bi=True]
[2026-06-07 18:17:05] [INFO]  i:T-49 | ind 4 (C) | wavelet=sym6 | level=3 | mode=zero | look_back=90 | hidden=103 | layers=2 | dropout=0.456 | lr=0.00989 | batch=32 | ablation[dwt=True, bi=True]
[2026-06-07 18:17:05] [INFO]  i:T-49 | ind 5 (C) | wavelet=sym6 | level=3 | mode=zero | look_back=93 | hidden=119 | layers=2 | dropout=0.488 | lr=0.00990 | batch=32 | ablation[dwt=True, bi=True]
[2026-06-07 18:17:05] [INFO]  i:T-49 | ind 6 (C) | wavelet=sym6 | level=3 | mode=zero | look_back=95 | hidden=115 | layers=2 | dropout=0.467 | lr=0.00990 | batch=32 | ablation[dwt=True, bi=True]
[2026-06-07 18:17:05] [INFO]  i:T-49 | ind 7 (C) | wavelet=sym6 | level=3 | mode=zero | look_back=95 | hidden=143 | layers=3 | dropout=0.492 | lr=0.01000 | batch=32 | ablation[dwt=True, bi=True]
[2026-06-07 18:17:05] [INFO]  i:T-49 | ind 8 (C) | wavelet=sym6 | level=3 | mode=zero | look_back=92 | hidden=134 | layers=2 | dropout=0.410 | lr=0.00979 | batch=32 | ablation[dwt=True, bi=True]
[2026-06-07 18:17:05] [INFO]  i:T-49 | ind 9 (C) | wavelet=sym6 | level=3 | mode=zero | look_back=95 | hidden=130 | layers=2 | dropout=0.421 | lr=0.00994 | batch=32 | ablation[dwt=True, bi=True]
[2026-06-07 18:17:05] [INFO]  i:T-49 | ind 10 (C) | wavelet=sym6 | level=3 | mode=zero | look_back=94 | hidden=143 | layers=3 | dropout=0.488 | lr=0.01000 | batch=32 | ablation[dwt=True, bi=True]
[2026-06-07 18:17:05] [INFO]  i:T-49 | ind 11 (C) | wavelet=sym6 | level=3 | mode=zero | look_back=95 | hidden=143 | layers=2 | dropout=0.423 | lr=0.01000 | batch=32 | ablation[dwt=True, bi=True]
[2026-06-07 18:17:05] [INFO]  i:T-49 | ind 12 (C) | wavelet=sym6 | level=3 | mode=zero | look_back=93 | hidden=116 | layers=2 | dropout=0.422 | lr=0.00990 | batch=32 | ablation[dwt=True, bi=True]
[2026-06-07 18:17:05] [INFO]  i:T-49 | ind 13 (C) | wavelet=sym6 | level=3 | mode=zero | look_back=95 | hidden=112 | layers=2 | dropout=0.488 | lr=0.01000 | batch=32 | ablation[dwt=True, bi=True]
[2026-06-07 18:17:05] [INFO]  i:T-49 | ind 14 (C) | wavelet=sym6 | level=3 | mode=zero | look_back=94 | hidden=119 | layers=2 | dropout=0.489 | lr=0.01000 | batch=32 | ablation[dwt=True, bi=True]
[2026-06-07 18:17:05] [INFO]  i:T-49 | ind 15 (C) | wavelet=sym6 | level=3 | mode=zero | look_back=96 | hidden=119 | layers=2 | dropout=0.497 | lr=0.00991 | batch=32 | ablation[dwt=True, bi=True]
[2026-06-07 18:17:05] [INFO]  i:T-49 | ind 16 (C) | wavelet=sym6 | level=3 | mode=zero | look_back=92 | hidden=112 | layers=2 | dropout=0.183 | lr=0.00787 | batch=32 | ablation[dwt=True, bi=True]
[2026-06-07 18:17:05] [INFO]  i:T-49 | ind 17 (C) | wavelet=sym6 | level=3 | mode=zero | look_back=92 | hidden=104 | layers=2 | dropout=0.447 | lr=0.00999 | batch=32 | ablation[dwt=True, bi=True]
[2026-06-07 18:17:05] [INFO]  i:T-49 | ind 18 (C) | wavelet=sym6 | level=3 | mode=zero | look_back=95 | hidden=120 | layers=3 | dropout=0.488 | lr=0.01000 | batch=32 | ablation[dwt=True, bi=True]
[2026-06-07 18:17:05] [INFO]  i:T-49 | ind 19 (C) | wavelet=sym6 | level=3 | mode=zero | look_back=95 | hidden=119 | layers=2 | dropout=0.411 | lr=0.01000 | batch=32 | ablation[dwt=True, bi=True]
[2026-06-07 18:17:05] [INFO]  i:T-49 | ind 20 (C) | wavelet=sym6 | level=3 | mode=zero | look_back=90 | hidden=104 | layers=2 | dropout=0.488 | lr=0.00990 | batch=32 | ablation[dwt=True, bi=True]
[2026-06-07 18:17:05] [INFO]  i:T-49 | ind 21 (C) | wavelet=sym6 | level=3 | mode=zero | look_back=93 | hidden=144 | layers=2 | dropout=0.423 | lr=0.00990 | batch=32 | ablation[dwt=True, bi=True]
[2026-06-07 18:17:05] [INFO]  i:T-49 | ind 22 (C) | wavelet=sym6 | level=3 | mode=zero | look_back=95 | hidden=120 | layers=2 | dropout=0.417 | lr=0.00662 | batch=32 | ablation[dwt=True, bi=True]
[2026-06-07 18:17:05] [INFO]  i:T-49 | ind 23 (C) | wavelet=sym6 | level=3 | mode=zero | look_back=93 | hidden=119 | layers=2 | dropout=0.422 | lr=0.00834 | batch=32 | ablation[dwt=True, bi=True]
[2026-06-07 18:17:05] [INFO]  i:T-49 | ind 24 (C) | wavelet=sym6 | level=3 | mode=zero | look_back=95 | hidden=119 | layers=3 | dropout=0.492 | lr=0.01000 | batch=32 | ablation[dwt=True, bi=True]
[2026-06-07 18:17:05] [INFO]  i:T-49 | ind 25 (C) | wavelet=sym6 | level=3 | mode=zero | look_back=95 | hidden=143 | layers=3 | dropout=0.492 | lr=0.01000 | batch=32 | ablation[dwt=True, bi=True]
[2026-06-07 18:17:05] [INFO]  i:T-49 | ind 26 (C) | wavelet=sym6 | level=3 | mode=zero | look_back=93 | hidden=112 | layers=2 | dropout=0.422 | lr=0.00833 | batch=32 | ablation[dwt=True, bi=True]
[2026-06-07 18:17:05] [INFO]  i:T-49 | ind 27 (C) | wavelet=sym6 | level=3 | mode=zero | look_back=95 | hidden=143 | layers=2 | dropout=0.497 | lr=0.01000 | batch=32 | ablation[dwt=True, bi=True]
[2026-06-07 18:17:05] [INFO]  i:T-49 | ind 28 (C) | wavelet=sym6 | level=3 | mode=zero | look_back=92 | hidden=112 | layers=2 | dropout=0.180 | lr=0.00787 | batch=32 | ablation[dwt=True, bi=True]
[2026-06-07 18:17:05] [INFO]  i:T-49 | ind 29 (C) | wavelet=sym6 | level=3 | mode=zero | look_back=95 | hidden=121 | layers=2 | dropout=0.422 | lr=0.01000 | batch=32 | ablation[dwt=True, bi=True]
[2026-06-07 18:17:05] [INFO]  i:T-49 | ind 30 (C) | wavelet=sym6 | level=3 | mode=zero | look_back=96 | hidden=119 | layers=2 | dropout=0.180 | lr=0.00787 | batch=32 | ablation[dwt=True, bi=True]
[2026-06-07 18:17:05] [INFO]  i:T-49 | ind 31 (C) | wavelet=sym6 | level=3 | mode=zero | look_back=89 | hidden=120 | layers=2 | dropout=0.486 | lr=0.00800 | batch=32 | ablation[dwt=True, bi=True]
[2026-06-07 18:17:05] [INFO]  i:T-49 | ind 32 (C) | wavelet=sym6 | level=3 | mode=zero | look_back=95 | hidden=119 | layers=2 | dropout=0.486 | lr=0.00990 | batch=32 | ablation[dwt=True, bi=True]
[2026-06-07 18:17:05] [INFO]  i:T-49 | ind 33 (C) | wavelet=sym6 | level=3 | mode=zero | look_back=92 | hidden=112 | layers=2 | dropout=0.422 | lr=0.00841 | batch=32 | ablation[dwt=True, bi=True]
[2026-06-07 18:17:05] [INFO]  i:T-49 | ind 34 (C) | wavelet=sym6 | level=3 | mode=zero | look_back=95 | hidden=111 | layers=2 | dropout=0.453 | lr=0.00988 | batch=32 | ablation[dwt=True, bi=True]
[2026-06-07 18:21:23] [INFO]  i:T-49 | ind 35 (C) | wavelet=sym6 | level=3 | mode=zero | look_back=95 | hidden=116 | layers=2 | dropout=0.419 | lr=0.00988 | batch=32 | ablation[dwt=True, bi=True]
[2026-06-07 18:21:41] [INFO]  i:T-49 | ind 36 (C) | wavelet=sym6 | level=3 | mode=zero | look_back=90 | hidden=104 | layers=2 | dropout=0.447 | lr=0.00990 | batch=32 | ablation[dwt=True, bi=True]
[2026-06-07 18:22:10] [INFO]  i:T-49 | ind 37 (C) | wavelet=sym6 | level=3 | mode=zero | look_back=93 | hidden=138 | layers=2 | dropout=0.488 | lr=0.00989 | batch=32 | ablation[dwt=True, bi=True]
[2026-06-07 18:22:27] [INFO]  i:T-49 | ind 38 (C) | wavelet=sym6 | level=3 | mode=zero | look_back=94 | hidden=143 | layers=2 | dropout=0.488 | lr=0.00989 | batch=32 | ablation[dwt=True, bi=True]
[2026-06-07 18:22:30] [INFO]  i:T-49 | ind 39 (C) | wavelet=sym6 | level=3 | mode=zero | look_back=92 | hidden=112 | layers=2 | dropout=0.182 | lr=0.00787 | batch=32 | ablation[dwt=True, bi=True]
[2026-06-07 18:31:50] [OPT.GA] [INFO] 
[GEN 50] Best: 0.061134 | Duration: 891.7s | Improvements: 25/40
[2026-06-07 18:31:50] [OPT.GA] [INFO] 
============================================================
[2026-06-07 18:31:50] [OPT.GA] [INFO] TAMAMLANDI | Süre: 222.6 dakika
[2026-06-07 18:31:50] [OPT.GA] [INFO] Best loss: 0.061134
[2026-06-07 18:31:50] [OPT.GA] [INFO] ============================================================
[2026-06-07 18:31:50] [RUN_OPTIMIZER] [INFO] 
En iyi parametreler kaydedildi: sequential_runs/ga_seq/run_024/ga_running_best_params.json
[2026-06-07 18:31:50] [RUN_OPTIMIZER] [INFO] ============================================================
[SEQ] tamamlandi: ALGO=ga RUN=24 at Sun Jun  7 06:31:56 PM +03 2026
